2020-01-16 19:06:55 INFO  ApacheHttpClient.getTask(481) - responseCode = 200
2020-01-16 19:07:03 INFO  ApacheHttpClient.getWebResourceAsStream(495) - responseCode = 200
2020-01-16 19:07:03 INFO  ApacheHttpClient.getFilteredTasks(334) - responseCode = 200
2020-01-16 19:07:05 INFO  ApacheHttpClient.getTaskTemplateInfo(351) - responseCode = 200
2020-01-16 19:07:07 INFO  ApacheHttpClient.getWebResourceAsStream(495) - responseCode = 200
2020-01-16 19:07:13 INFO  ApacheHttpClient.sendEvent(528) - responseCode = 200
2020-01-16 19:08:13 INFO  ApacheHttpClient.sendEvent(528) - responseCode = 200
2020-01-16 19:09:13 INFO  ApacheHttpClient.sendEvent(528) - responseCode = 200
2020-01-16 19:10:13 INFO  ApacheHttpClient.sendEvent(528) - responseCode = 200
2020-01-16 19:11:13 INFO  ApacheHttpClient.sendEvent(528) - responseCode = 200
2020-01-16 19:12:13 INFO  ApacheHttpClient.sendEvent(528) - responseCode = 200
2020-01-16 19:12:50 INFO  ApacheHttpClient.getWebResourceAsStream(495) - responseCode = 200
2020-01-16 19:12:51 INFO  ApacheHttpClient.getWebResourceAsStream(495) - responseCode = 200
2020-01-16 19:12:51 INFO  ApacheHttpClient.getTask(481) - responseCode = 200
2020-01-16 19:12:54 INFO  ApacheHttpClient.completed(28) - responseCode = 200
2020-01-16 19:13:13 INFO  ApacheHttpClient.sendEvent(528) - responseCode = 200
2020-01-16 19:14:13 INFO  ApacheHttpClient.sendEvent(528) - responseCode = 200
2020-01-16 19:14:58 INFO  ApacheHttpClient.getWebResourceAsStream(495) - responseCode = 200
2020-01-16 19:14:59 INFO  ApacheHttpClient.getWebResourceAsStream(495) - responseCode = 200
2020-01-16 19:14:59 INFO  ApacheHttpClient.getTask(481) - responseCode = 200
2020-01-16 19:15:02 INFO  ApacheHttpClient.completed(28) - responseCode = 200
2020-01-16 19:15:03 INFO  ApacheHttpClient.getTask(481) - responseCode = 200
2020-01-16 19:15:09 INFO  ApacheHttpClient.getWebResourceAsStream(495) - responseCode = 200
2020-01-16 19:15:09 INFO  ApacheHttpClient.getFilteredTasks(334) - responseCode = 200
2020-01-16 19:15:10 INFO  ApacheHttpClient.getTaskTemplateInfo(351) - responseCode = 200
2020-01-16 19:15:11 INFO  ApacheHttpClient.getWebResourceAsStream(495) - responseCode = 200
2020-01-16 19:15:13 INFO  ApacheHttpClient.sendEvent(528) - responseCode = 200
2020-01-16 19:16:13 INFO  ApacheHttpClient.sendEvent(528) - responseCode = 200
2020-01-16 19:17:13 INFO  ApacheHttpClient.sendEvent(528) - responseCode = 200
2020-01-16 19:18:13 INFO  ApacheHttpClient.sendEvent(528) - responseCode = 200
2020-01-16 19:19:13 INFO  ApacheHttpClient.sendEvent(528) - responseCode = 200
2020-01-16 19:20:13 INFO  ApacheHttpClient.sendEvent(528) - responseCode = 200
2020-01-16 19:21:13 INFO  ApacheHttpClient.sendEvent(528) - responseCode = 200
2020-01-16 19:22:13 INFO  ApacheHttpClient.sendEvent(528) - responseCode = 200
2020-01-16 19:23:13 INFO  ApacheHttpClient.sendEvent(528) - responseCode = 200
2020-01-16 19:24:13 INFO  ApacheHttpClient.sendEvent(528) - responseCode = 200
2020-01-16 19:25:13 INFO  ApacheHttpClient.sendEvent(528) - responseCode = 200
2020-01-16 19:26:13 INFO  ApacheHttpClient.sendEvent(528) - responseCode = 200
2020-01-16 19:27:13 INFO  ApacheHttpClient.sendEvent(528) - responseCode = 200
2020-01-16 19:28:13 INFO  ApacheHttpClient.sendEvent(528) - responseCode = 200
2020-01-16 19:29:13 INFO  ApacheHttpClient.sendEvent(528) - responseCode = 200
2020-01-16 19:30:13 INFO  ApacheHttpClient.sendEvent(528) - responseCode = 200
2020-01-16 19:31:13 INFO  ApacheHttpClient.sendEvent(528) - responseCode = 200
2020-01-16 19:32:13 INFO  ApacheHttpClient.sendEvent(528) - responseCode = 200
2020-01-16 19:33:13 INFO  ApacheHttpClient.sendEvent(528) - responseCode = 200
2020-01-16 19:34:13 INFO  ApacheHttpClient.sendEvent(528) - responseCode = 200
2020-01-16 19:35:13 INFO  ApacheHttpClient.sendEvent(528) - responseCode = 200
2020-01-16 19:36:13 INFO  ApacheHttpClient.sendEvent(528) - responseCode = 200
2020-01-16 19:37:13 INFO  ApacheHttpClient.sendEvent(528) - responseCode = 200
2020-01-16 19:38:13 INFO  ApacheHttpClient.sendEvent(528) - responseCode = 200
2020-01-16 19:39:13 INFO  ApacheHttpClient.sendEvent(528) - responseCode = 200
2020-01-16 19:40:13 INFO  ApacheHttpClient.sendEvent(528) - responseCode = 200
2020-01-16 19:41:04 INFO  ApacheHttpClient.getWebResourceAsStream(495) - responseCode = 200
2020-01-16 19:41:05 INFO  ApacheHttpClient.getWebResourceAsStream(495) - responseCode = 200
2020-01-16 19:41:05 INFO  ApacheHttpClient.getTask(481) - responseCode = 200
2020-01-16 19:41:06 INFO  ApacheHttpClient.completed(28) - responseCode = 200
2020-01-16 19:41:13 INFO  ApacheHttpClient.sendEvent(528) - responseCode = 200
2020-01-16 19:41:50 INFO  ApacheHttpClient.getWebResourceAsStream(495) - responseCode = 200
2020-01-16 19:41:51 INFO  ApacheHttpClient.getTask(481) - responseCode = 200
2020-01-16 19:41:51 INFO  ApacheHttpClient.getWebResourceAsStream(495) - responseCode = 200
2020-01-16 19:41:52 INFO  ApacheHttpClient.completed(28) - responseCode = 200
2020-01-16 19:41:53 INFO  ApacheHttpClient.getTask(481) - responseCode = 200
2020-01-16 19:42:02 INFO  ApacheHttpClient.getWebResourceAsStream(495) - responseCode = 200
2020-01-16 19:42:02 INFO  ApacheHttpClient.getFilteredTasks(334) - responseCode = 200
2020-01-16 19:42:04 INFO  ApacheHttpClient.getTaskTemplateInfo(351) - responseCode = 200
2020-01-16 19:42:05 INFO  ApacheHttpClient.getWebResourceAsStream(495) - responseCode = 200
2020-01-16 19:42:13 INFO  ApacheHttpClient.sendEvent(528) - responseCode = 200
2020-01-16 19:43:13 INFO  ApacheHttpClient.sendEvent(528) - responseCode = 200
2020-01-16 19:44:13 INFO  ApacheHttpClient.sendEvent(528) - responseCode = 200
2020-01-16 19:45:13 INFO  ApacheHttpClient.sendEvent(528) - responseCode = 200
2020-01-16 19:46:13 INFO  ApacheHttpClient.sendEvent(528) - responseCode = 200
2020-01-16 19:47:13 INFO  ApacheHttpClient.sendEvent(528) - responseCode = 200
2020-01-16 19:48:13 INFO  ApacheHttpClient.sendEvent(528) - responseCode = 200
2020-01-16 19:49:13 INFO  ApacheHttpClient.sendEvent(528) - responseCode = 200
2020-01-16 19:50:13 INFO  ApacheHttpClient.sendEvent(528) - responseCode = 200
2020-01-16 19:51:13 INFO  ApacheHttpClient.sendEvent(528) - responseCode = 200
2020-01-16 19:52:13 INFO  ApacheHttpClient.sendEvent(528) - responseCode = 200
2020-01-16 19:53:13 INFO  ApacheHttpClient.sendEvent(528) - responseCode = 200
2020-01-16 19:54:13 INFO  ApacheHttpClient.sendEvent(528) - responseCode = 200
2020-01-16 19:55:13 INFO  ApacheHttpClient.sendEvent(528) - responseCode = 200
2020-01-16 19:55:21 INFO  ApacheHttpClient.getWebResourceAsStream(495) - responseCode = 200
2020-01-16 19:55:21 INFO  ApacheHttpClient.getWebResourceAsStream(495) - responseCode = 200
2020-01-16 19:55:21 INFO  ApacheHttpClient.getTask(481) - responseCode = 200
2020-01-16 19:55:25 INFO  ApacheHttpClient.completed(28) - responseCode = 200
2020-01-16 19:55:25 INFO  ApacheHttpClient.getTask(481) - responseCode = 200
2020-01-16 19:55:31 INFO  ApacheHttpClient.getWebResourceAsStream(495) - responseCode = 200
2020-01-16 19:55:32 INFO  ApacheHttpClient.getFilteredTasks(334) - responseCode = 200
2020-01-16 19:55:34 INFO  ApacheHttpClient.getTaskTemplateInfo(351) - responseCode = 200
2020-01-16 19:55:35 INFO  ApacheHttpClient.getWebResourceAsStream(495) - responseCode = 200
2020-01-16 19:56:13 INFO  ApacheHttpClient.sendEvent(528) - responseCode = 200
2020-01-16 19:57:13 INFO  ApacheHttpClient.sendEvent(528) - responseCode = 200
2020-01-16 19:58:13 INFO  ApacheHttpClient.sendEvent(528) - responseCode = 200
2020-01-16 19:59:13 INFO  ApacheHttpClient.sendEvent(528) - responseCode = 200
2020-01-16 20:00:13 INFO  ApacheHttpClient.sendEvent(528) - responseCode = 200
2020-01-16 20:01:13 INFO  ApacheHttpClient.sendEvent(528) - responseCode = 200
2020-01-16 20:02:13 INFO  ApacheHttpClient.sendEvent(528) - responseCode = 200
2020-01-16 20:03:13 INFO  ApacheHttpClient.sendEvent(528) - responseCode = 200
2020-01-16 20:04:13 INFO  ApacheHttpClient.sendEvent(528) - responseCode = 200
2020-01-16 20:05:13 INFO  ApacheHttpClient.sendEvent(528) - responseCode = 200
2020-01-16 20:06:13 INFO  ApacheHttpClient.sendEvent(528) - responseCode = 200
2020-01-16 20:07:13 INFO  ApacheHttpClient.sendEvent(528) - responseCode = 200
2020-01-16 20:08:13 INFO  ApacheHttpClient.sendEvent(528) - responseCode = 200
2020-01-16 20:09:13 INFO  ApacheHttpClient.sendEvent(528) - responseCode = 200
2020-01-16 20:10:13 INFO  ApacheHttpClient.sendEvent(528) - responseCode = 200
2020-01-16 20:11:13 INFO  ApacheHttpClient.sendEvent(528) - responseCode = 200
2020-01-16 20:12:13 INFO  ApacheHttpClient.sendEvent(528) - responseCode = 200
2020-01-16 20:13:13 INFO  ApacheHttpClient.sendEvent(528) - responseCode = 200
2020-01-16 20:14:13 INFO  ApacheHttpClient.sendEvent(528) - responseCode = 200
2020-01-16 20:15:13 INFO  ApacheHttpClient.sendEvent(528) - responseCode = 200
2020-01-16 20:16:13 INFO  ApacheHttpClient.sendEvent(528) - responseCode = 200
2020-01-16 20:17:13 INFO  ApacheHttpClient.sendEvent(528) - responseCode = 200
2020-01-16 20:18:13 INFO  ApacheHttpClient.sendEvent(528) - responseCode = 200
2020-01-16 20:19:13 INFO  ApacheHttpClient.sendEvent(528) - responseCode = 200
2020-01-16 20:20:13 INFO  ApacheHttpClient.sendEvent(528) - responseCode = 200
2020-01-16 20:21:13 INFO  ApacheHttpClient.sendEvent(528) - responseCode = 200
2020-01-16 20:22:13 INFO  ApacheHttpClient.sendEvent(528) - responseCode = 200
2020-01-16 20:23:13 INFO  ApacheHttpClient.sendEvent(528) - responseCode = 200
2020-01-16 20:24:13 INFO  ApacheHttpClient.sendEvent(528) - responseCode = 200
2020-01-16 20:25:13 INFO  ApacheHttpClient.sendEvent(528) - responseCode = 200
2020-01-16 20:26:13 INFO  ApacheHttpClient.sendEvent(528) - responseCode = 200
2020-01-16 20:27:13 INFO  ApacheHttpClient.sendEvent(528) - responseCode = 200
2020-01-16 20:28:13 INFO  ApacheHttpClient.sendEvent(528) - responseCode = 200
2020-01-16 20:29:13 INFO  ApacheHttpClient.sendEvent(528) - responseCode = 200
2020-01-16 20:30:13 INFO  ApacheHttpClient.sendEvent(528) - responseCode = 200
2020-01-16 20:31:13 INFO  ApacheHttpClient.sendEvent(528) - responseCode = 200
2020-01-16 20:32:13 INFO  ApacheHttpClient.sendEvent(528) - responseCode = 200
2020-01-16 20:33:13 INFO  ApacheHttpClient.sendEvent(528) - responseCode = 200
2020-01-16 20:34:13 INFO  ApacheHttpClient.sendEvent(528) - responseCode = 200
2020-01-16 20:35:13 INFO  ApacheHttpClient.sendEvent(528) - responseCode = 200
2020-01-16 20:36:13 INFO  ApacheHttpClient.sendEvent(528) - responseCode = 200
2020-01-16 20:37:13 INFO  ApacheHttpClient.sendEvent(528) - responseCode = 200
2020-01-16 20:38:13 INFO  ApacheHttpClient.sendEvent(528) - responseCode = 200
2020-01-16 20:39:13 INFO  ApacheHttpClient.sendEvent(528) - responseCode = 200
2020-01-16 20:39:52 INFO  ApacheHttpClient.getWebResourceAsStream(495) - responseCode = 200
2020-01-16 20:39:52 INFO  ApacheHttpClient.getWebResourceAsStream(495) - responseCode = 200
2020-01-16 20:39:53 INFO  ApacheHttpClient.getTask(481) - responseCode = 200
2020-01-16 20:39:56 INFO  ApacheHttpClient.completed(28) - responseCode = 200
2020-01-16 20:39:57 INFO  ApacheHttpClient.getTask(481) - responseCode = 200
2020-01-16 20:40:06 INFO  ApacheHttpClient.getWebResourceAsStream(495) - responseCode = 200
2020-01-16 20:40:06 INFO  ApacheHttpClient.getFilteredTasks(334) - responseCode = 200
2020-01-16 20:40:13 INFO  ApacheHttpClient.sendEvent(528) - responseCode = 200
2020-01-16 20:40:14 INFO  ApacheHttpClient.getTaskTemplateInfo(351) - responseCode = 200
2020-01-16 20:40:16 INFO  ApacheHttpClient.getWebResourceAsStream(495) - responseCode = 200
2020-01-16 20:41:13 INFO  ApacheHttpClient.sendEvent(528) - responseCode = 200
2020-01-16 20:42:13 INFO  ApacheHttpClient.sendEvent(528) - responseCode = 200
2020-01-16 20:43:13 INFO  ApacheHttpClient.sendEvent(528) - responseCode = 200
2020-01-16 20:44:13 INFO  ApacheHttpClient.sendEvent(528) - responseCode = 200
2020-01-16 20:45:13 INFO  ApacheHttpClient.sendEvent(528) - responseCode = 200
2020-01-16 20:46:13 INFO  ApacheHttpClient.sendEvent(528) - responseCode = 200
2020-01-16 20:47:13 INFO  ApacheHttpClient.sendEvent(528) - responseCode = 200
2020-01-16 20:48:13 INFO  ApacheHttpClient.sendEvent(528) - responseCode = 200
2020-01-16 20:49:13 INFO  ApacheHttpClient.sendEvent(528) - responseCode = 200
2020-01-16 20:50:13 INFO  ApacheHttpClient.sendEvent(528) - responseCode = 200
2020-01-16 20:51:13 INFO  ApacheHttpClient.sendEvent(528) - responseCode = 200
2020-01-16 20:52:13 INFO  ApacheHttpClient.sendEvent(528) - responseCode = 200
2020-01-16 20:53:13 INFO  ApacheHttpClient.sendEvent(528) - responseCode = 200
2020-01-16 20:54:13 INFO  ApacheHttpClient.sendEvent(528) - responseCode = 200
2020-01-16 20:55:13 INFO  ApacheHttpClient.sendEvent(528) - responseCode = 200
2020-01-16 20:56:13 INFO  ApacheHttpClient.sendEvent(528) - responseCode = 200
2020-01-16 20:57:13 INFO  ApacheHttpClient.sendEvent(528) - responseCode = 200
2020-01-16 20:58:13 INFO  ApacheHttpClient.sendEvent(528) - responseCode = 200
2020-01-16 20:59:13 INFO  ApacheHttpClient.sendEvent(528) - responseCode = 200
2020-01-16 21:00:13 INFO  ApacheHttpClient.sendEvent(528) - responseCode = 200
2020-01-16 21:01:13 INFO  ApacheHttpClient.sendEvent(528) - responseCode = 200
2020-01-16 21:02:13 INFO  ApacheHttpClient.sendEvent(528) - responseCode = 200
2020-01-16 21:03:13 INFO  ApacheHttpClient.sendEvent(528) - responseCode = 200
2020-01-16 21:04:13 INFO  ApacheHttpClient.sendEvent(528) - responseCode = 200
2020-01-16 21:05:13 INFO  ApacheHttpClient.sendEvent(528) - responseCode = 200
2020-01-16 21:06:13 INFO  ApacheHttpClient.sendEvent(528) - responseCode = 200
2020-01-16 21:07:13 INFO  ApacheHttpClient.sendEvent(528) - responseCode = 200
2020-01-16 21:08:13 INFO  ApacheHttpClient.sendEvent(528) - responseCode = 200
2020-01-16 21:09:13 INFO  ApacheHttpClient.sendEvent(528) - responseCode = 200
2020-01-16 21:10:13 INFO  ApacheHttpClient.sendEvent(528) - responseCode = 200
2020-01-16 21:11:13 INFO  ApacheHttpClient.sendEvent(528) - responseCode = 200
2020-01-16 21:12:13 INFO  ApacheHttpClient.sendEvent(528) - responseCode = 200
2020-01-16 21:13:13 INFO  ApacheHttpClient.sendEvent(528) - responseCode = 200
2020-01-16 21:14:13 INFO  ApacheHttpClient.sendEvent(528) - responseCode = 200
2020-01-16 21:15:13 INFO  ApacheHttpClient.sendEvent(528) - responseCode = 200
2020-01-16 21:16:13 INFO  ApacheHttpClient.sendEvent(528) - responseCode = 200
2020-01-16 21:17:13 INFO  ApacheHttpClient.sendEvent(528) - responseCode = 200
2020-01-16 21:17:53 INFO  ApacheHttpClient.getWebResourceAsStream(495) - responseCode = 200
2020-01-16 21:17:53 INFO  ApacheHttpClient.getTask(481) - responseCode = 200
2020-01-16 21:17:54 INFO  ApacheHttpClient.getWebResourceAsStream(495) - responseCode = 200
2020-01-16 21:17:59 INFO  ApacheHttpClient.completed(28) - responseCode = 200
2020-01-16 21:18:00 INFO  ApacheHttpClient.getTask(481) - responseCode = 200
2020-01-16 21:18:13 INFO  ApacheHttpClient.sendEvent(528) - responseCode = 200
2020-01-16 21:18:24 INFO  ApacheHttpClient.getWebResourceAsStream(495) - responseCode = 200
2020-01-16 21:18:24 INFO  ApacheHttpClient.getFilteredTasks(334) - responseCode = 200
2020-01-16 21:18:31 INFO  ApacheHttpClient.getTaskTemplateInfo(351) - responseCode = 200
2020-01-16 21:18:33 INFO  ApacheHttpClient.getWebResourceAsStream(495) - responseCode = 200
2020-01-16 21:19:13 INFO  ApacheHttpClient.sendEvent(528) - responseCode = 200
2020-01-16 21:20:13 INFO  ApacheHttpClient.sendEvent(528) - responseCode = 200
2020-01-16 21:21:13 INFO  ApacheHttpClient.sendEvent(528) - responseCode = 200
2020-01-16 21:22:13 INFO  ApacheHttpClient.sendEvent(528) - responseCode = 200
2020-01-16 21:23:13 INFO  ApacheHttpClient.sendEvent(528) - responseCode = 200
2020-01-16 21:24:13 INFO  ApacheHttpClient.sendEvent(528) - responseCode = 200
2020-01-16 21:25:13 INFO  ApacheHttpClient.sendEvent(528) - responseCode = 200
2020-01-16 21:26:13 INFO  ApacheHttpClient.sendEvent(528) - responseCode = 200
2020-01-16 21:27:13 INFO  ApacheHttpClient.sendEvent(528) - responseCode = 200
2020-01-16 21:28:13 INFO  ApacheHttpClient.sendEvent(528) - responseCode = 200
2020-01-16 21:29:13 INFO  ApacheHttpClient.sendEvent(528) - responseCode = 200
2020-01-16 21:30:13 INFO  ApacheHttpClient.sendEvent(528) - responseCode = 200
2020-01-16 21:31:13 INFO  ApacheHttpClient.sendEvent(528) - responseCode = 200
2020-01-16 21:32:13 INFO  ApacheHttpClient.sendEvent(528) - responseCode = 200
2020-01-16 21:33:13 INFO  ApacheHttpClient.sendEvent(528) - responseCode = 200
2020-01-16 21:34:13 INFO  ApacheHttpClient.sendEvent(528) - responseCode = 200
2020-01-16 21:35:13 INFO  ApacheHttpClient.sendEvent(528) - responseCode = 200
2020-01-16 21:36:13 INFO  ApacheHttpClient.sendEvent(528) - responseCode = 200
2020-01-16 21:37:13 INFO  ApacheHttpClient.sendEvent(528) - responseCode = 200
2020-01-16 21:38:13 INFO  ApacheHttpClient.sendEvent(528) - responseCode = 200
2020-01-16 21:39:13 INFO  ApacheHttpClient.sendEvent(528) - responseCode = 200
2020-01-16 21:40:13 INFO  ApacheHttpClient.sendEvent(528) - responseCode = 200
2020-01-16 21:41:13 INFO  ApacheHttpClient.sendEvent(528) - responseCode = 200
2020-01-16 21:42:13 INFO  ApacheHttpClient.sendEvent(528) - responseCode = 200
2020-01-16 21:43:13 INFO  ApacheHttpClient.sendEvent(528) - responseCode = 200
2020-01-16 21:44:13 INFO  ApacheHttpClient.sendEvent(528) - responseCode = 200
2020-01-16 21:45:13 INFO  ApacheHttpClient.sendEvent(528) - responseCode = 200
2020-01-16 21:46:13 INFO  ApacheHttpClient.sendEvent(528) - responseCode = 200
2020-01-16 21:47:14 INFO  ApacheHttpClient.sendEvent(528) - responseCode = 200
2020-01-16 21:48:13 INFO  ApacheHttpClient.sendEvent(528) - responseCode = 200
2020-01-16 21:49:13 INFO  ApacheHttpClient.sendEvent(528) - responseCode = 200
2020-01-16 21:50:13 INFO  ApacheHttpClient.sendEvent(528) - responseCode = 200
2020-01-16 21:51:13 INFO  ApacheHttpClient.sendEvent(528) - responseCode = 200
2020-01-16 21:52:13 INFO  ApacheHttpClient.sendEvent(528) - responseCode = 200
2020-01-16 21:53:13 INFO  ApacheHttpClient.sendEvent(528) - responseCode = 200
2020-01-16 21:54:13 INFO  ApacheHttpClient.sendEvent(528) - responseCode = 200
2020-01-16 21:55:14 INFO  ApacheHttpClient.sendEvent(528) - responseCode = 200
2020-01-16 21:56:13 INFO  ApacheHttpClient.sendEvent(528) - responseCode = 200
2020-01-16 21:57:13 INFO  ApacheHttpClient.sendEvent(528) - responseCode = 200
2020-01-16 21:58:13 INFO  ApacheHttpClient.sendEvent(528) - responseCode = 200
2020-01-16 21:59:13 INFO  ApacheHttpClient.sendEvent(528) - responseCode = 200
2020-01-16 22:00:13 INFO  ApacheHttpClient.sendEvent(528) - responseCode = 200
2020-01-16 22:01:13 INFO  ApacheHttpClient.sendEvent(528) - responseCode = 200
2020-01-16 22:02:13 INFO  ApacheHttpClient.sendEvent(528) - responseCode = 200
2020-01-16 22:03:13 INFO  ApacheHttpClient.sendEvent(528) - responseCode = 200
2020-01-16 22:04:13 INFO  ApacheHttpClient.sendEvent(528) - responseCode = 200
2020-01-16 22:05:13 INFO  ApacheHttpClient.sendEvent(528) - responseCode = 200
2020-01-16 22:06:13 INFO  ApacheHttpClient.sendEvent(528) - responseCode = 200
2020-01-16 22:07:13 INFO  ApacheHttpClient.sendEvent(528) - responseCode = 200
2020-01-16 22:08:13 INFO  ApacheHttpClient.sendEvent(528) - responseCode = 200
2020-01-16 22:09:13 INFO  ApacheHttpClient.sendEvent(528) - responseCode = 200
2020-01-16 22:10:13 INFO  ApacheHttpClient.sendEvent(528) - responseCode = 200
2020-01-16 22:11:14 INFO  ApacheHttpClient.sendEvent(528) - responseCode = 200
2020-01-16 22:12:13 INFO  ApacheHttpClient.sendEvent(528) - responseCode = 200
2020-01-16 22:13:13 INFO  ApacheHttpClient.sendEvent(528) - responseCode = 200
2020-01-16 22:14:13 INFO  ApacheHttpClient.sendEvent(528) - responseCode = 200
2020-01-16 22:15:13 INFO  ApacheHttpClient.sendEvent(528) - responseCode = 200
2020-01-16 22:16:13 INFO  ApacheHttpClient.sendEvent(528) - responseCode = 200
2020-01-16 22:17:13 INFO  ApacheHttpClient.sendEvent(528) - responseCode = 200
2020-01-16 22:18:13 INFO  ApacheHttpClient.sendEvent(528) - responseCode = 200
2020-01-16 22:19:14 INFO  ApacheHttpClient.sendEvent(528) - responseCode = 200
2020-01-16 22:20:13 INFO  ApacheHttpClient.sendEvent(528) - responseCode = 200
2020-01-16 22:20:59 INFO  PluginTasksProjectComponent.projectClosing(188) - ---------- Project closed ----------

2020-01-16 22:20:59 INFO  ApacheHttpClient.getTask(481) - responseCode = 200
2020-01-16 22:20:59 INFO  ApacheHttpClient.getTask(481) - responseCode = 200
2020-01-16 22:20:59 INFO  ApacheHttpClient.getTask(481) - responseCode = 200
2020-01-16 22:21:00 INFO  ApacheHttpClient.getTask(481) - responseCode = 200
2020-01-16 22:21:00 INFO  ApacheHttpClient.getTask(481) - responseCode = 200
2020-01-16 22:21:00 INFO  ApacheHttpClient.getTask(481) - responseCode = 200
2020-01-16 22:21:00 INFO  ApacheHttpClient.getTask(481) - responseCode = 200
2020-01-16 22:21:01 INFO  ApacheHttpClient.getTask(481) - responseCode = 200
2020-01-16 22:21:01 INFO  ApacheHttpClient.getTask(481) - responseCode = 200
2020-01-16 22:21:01 INFO  ApacheHttpClient.getTask(481) - responseCode = 200
2020-01-16 22:21:01 INFO  ApacheHttpClient.getTask(481) - responseCode = 200
2020-01-16 22:21:01 ERROR PluginUtil.getUserPropertyFromProjectByKey(319) - Error while using a key to get a property from properties file. : java.lang.NullPointerException
2020-01-16 22:21:01 ERROR PluginUtil.getUserPropertyFromProjectByKey(319) - Error while using a key to get a property from properties file. : java.lang.NullPointerException
2020-01-16 22:21:01 ERROR PluginUtil.getUserPropertyFromProjectByKey(319) - Error while using a key to get a property from properties file. : java.lang.NullPointerException
2020-01-16 22:21:01 ERROR PluginUtil.getUserPropertyFromProjectByKey(319) - Error while using a key to get a property from properties file. : java.lang.NullPointerException
2020-01-16 22:21:01 ERROR PluginUtil.getUserPropertyFromProjectByKey(319) - Error while using a key to get a property from properties file. : java.lang.NullPointerException
2020-01-16 22:21:01 ERROR PluginUtil.getUserPropertyFromProjectByKey(319) - Error while using a key to get a property from properties file. : java.lang.NullPointerException
2020-01-16 22:21:01 ERROR PluginUtil.getUserPropertyFromProjectByKey(319) - Error while using a key to get a property from properties file. : java.lang.NullPointerException
2020-01-16 22:21:01 ERROR PluginUtil.getUserPropertyFromProjectByKey(319) - Error while using a key to get a property from properties file. : java.lang.NullPointerException
2020-01-16 22:21:01 ERROR PluginUtil.getUserPropertyFromProjectByKey(319) - Error while using a key to get a property from properties file. : java.lang.NullPointerException
2020-01-16 22:21:01 ERROR PluginUtil.getUserPropertyFromProjectByKey(319) - Error while using a key to get a property from properties file. : java.lang.NullPointerException
2020-01-17 17:45:30 INFO  PluginTasksProjectComponent.projectOpened(77) - ---------- Project opened ----------
2020-01-17 17:45:30 INFO  PluginTasksProjectComponent.projectOpened(78) - ---------- Version 3.37 ----------

2020-01-17 17:45:30 INFO  ApacheHttpClient.createAsyncHttpClient(145) - 1 proxies selected. Type: DIRECT
2020-01-17 17:45:31 INFO  ApacheHttpClient.<init>(96) - ApacheHttpClient was successfully instantiated.
2020-01-17 17:45:32 INFO  ApacheHttpClient.testConnection(203) - responseCode = 200
2020-01-17 17:45:32 INFO  ApacheHttpClient.testConnection(218) - result = true
2020-01-17 17:45:33 INFO  ApacheHttpClient.isSessionAppropriateWithSecretKey(595) - Waiting for server response.
2020-01-17 17:45:33 INFO  ApacheHttpClient.isSessionAppropriateWithSecretKey(595) - Waiting for server response.
2020-01-17 17:45:33 INFO  ApacheHttpClient.refreshUserInfo(303) - responseCode = 200
2020-01-17 17:45:33 INFO  ApacheHttpClient.refreshUserInfo(309) - User information received.
2020-01-17 17:45:34 INFO  ApacheHttpClient.startGA(35) - GAService started.
2020-01-17 17:45:34 INFO  AbstractRestApiClient.startService(71) - EventsService started.
2020-01-17 17:45:42 INFO  ApacheHttpClient.getWebResourceAsStream(495) - responseCode = 200
2020-01-17 17:46:34 INFO  ApacheHttpClient.sendEvent(528) - responseCode = 200
2020-01-17 17:46:42 INFO  ApacheHttpClient.getWebResourceAsStream(495) - responseCode = 200
2020-01-17 17:46:42 INFO  ApacheHttpClient.getFilteredTasks(334) - responseCode = 200
2020-01-17 17:46:44 INFO  ApacheHttpClient.getTaskTemplateInfo(351) - responseCode = 200
2020-01-17 17:46:45 INFO  ApacheHttpClient.getWebResourceAsStream(495) - responseCode = 200
2020-01-17 17:47:34 INFO  ApacheHttpClient.sendEvent(528) - responseCode = 200
2020-01-17 17:48:34 INFO  ApacheHttpClient.sendEvent(528) - responseCode = 200
2020-01-17 17:49:34 INFO  ApacheHttpClient.sendEvent(528) - responseCode = 200
2020-01-17 17:50:34 INFO  ApacheHttpClient.sendEvent(528) - responseCode = 200
2020-01-17 17:51:34 INFO  ApacheHttpClient.sendEvent(528) - responseCode = 200
2020-01-17 17:52:34 INFO  ApacheHttpClient.sendEvent(528) - responseCode = 200
2020-01-17 17:53:34 INFO  ApacheHttpClient.sendEvent(528) - responseCode = 200
2020-01-17 17:54:34 INFO  ApacheHttpClient.sendEvent(528) - responseCode = 200
2020-01-17 17:55:34 INFO  ApacheHttpClient.sendEvent(528) - responseCode = 200
2020-01-17 17:56:34 INFO  ApacheHttpClient.sendEvent(528) - responseCode = 200
2020-01-17 17:57:34 INFO  ApacheHttpClient.sendEvent(528) - responseCode = 200
2020-01-17 17:58:34 INFO  ApacheHttpClient.sendEvent(528) - responseCode = 200
2020-01-17 17:59:34 INFO  ApacheHttpClient.sendEvent(528) - responseCode = 200
2020-01-17 18:00:34 INFO  ApacheHttpClient.sendEvent(528) - responseCode = 200
2020-01-17 18:01:34 INFO  ApacheHttpClient.sendEvent(528) - responseCode = 200
2020-01-17 18:02:34 INFO  ApacheHttpClient.sendEvent(528) - responseCode = 200
2020-01-17 18:03:34 INFO  ApacheHttpClient.sendEvent(528) - responseCode = 200
2020-01-17 18:04:34 INFO  ApacheHttpClient.sendEvent(528) - responseCode = 200
2020-01-17 18:05:34 INFO  ApacheHttpClient.sendEvent(528) - responseCode = 200
2020-01-17 18:06:34 INFO  ApacheHttpClient.sendEvent(528) - responseCode = 200
2020-01-17 18:07:34 INFO  ApacheHttpClient.sendEvent(528) - responseCode = 200
2020-01-17 18:08:34 INFO  ApacheHttpClient.sendEvent(528) - responseCode = 200
2020-01-17 18:09:34 INFO  ApacheHttpClient.sendEvent(528) - responseCode = 200
2020-01-17 18:10:34 INFO  ApacheHttpClient.sendEvent(528) - responseCode = 200
2020-01-17 18:11:34 INFO  ApacheHttpClient.sendEvent(528) - responseCode = 200
2020-01-17 18:12:34 INFO  ApacheHttpClient.sendEvent(528) - responseCode = 200
2020-01-17 18:13:34 INFO  ApacheHttpClient.sendEvent(528) - responseCode = 200
2020-01-17 18:14:34 INFO  ApacheHttpClient.sendEvent(528) - responseCode = 200
2020-01-17 18:15:34 INFO  ApacheHttpClient.sendEvent(528) - responseCode = 200
2020-01-17 18:15:42 INFO  ApacheHttpClient.getWebResourceAsStream(495) - responseCode = 200
2020-01-17 18:15:42 INFO  ApacheHttpClient.getWebResourceAsStream(495) - responseCode = 200
2020-01-17 18:15:43 INFO  ApacheHttpClient.getTask(481) - responseCode = 200
2020-01-17 18:15:44 INFO  ApacheHttpClient.completed(28) - responseCode = 200
2020-01-17 18:16:34 INFO  ApacheHttpClient.sendEvent(528) - responseCode = 200
2020-01-17 18:16:34 INFO  ApacheHttpClient.getWebResourceAsStream(495) - responseCode = 200
2020-01-17 18:16:35 INFO  ApacheHttpClient.getTask(481) - responseCode = 200
2020-01-17 18:16:35 INFO  ApacheHttpClient.getWebResourceAsStream(495) - responseCode = 200
2020-01-17 18:16:37 INFO  ApacheHttpClient.completed(28) - responseCode = 200
2020-01-17 18:16:37 INFO  ApacheHttpClient.getTask(481) - responseCode = 200
2020-01-17 18:16:44 INFO  ApacheHttpClient.getWebResourceAsStream(495) - responseCode = 200
2020-01-17 18:16:44 INFO  ApacheHttpClient.getFilteredTasks(334) - responseCode = 200
2020-01-17 18:16:46 INFO  ApacheHttpClient.getTaskTemplateInfo(351) - responseCode = 200
2020-01-17 18:16:47 INFO  ApacheHttpClient.getWebResourceAsStream(495) - responseCode = 200
2020-01-17 18:17:34 INFO  ApacheHttpClient.sendEvent(528) - responseCode = 200
2020-01-17 18:18:34 INFO  ApacheHttpClient.sendEvent(528) - responseCode = 200
2020-01-17 18:19:34 INFO  ApacheHttpClient.sendEvent(528) - responseCode = 200
2020-01-17 18:20:34 INFO  ApacheHttpClient.sendEvent(528) - responseCode = 200
2020-01-17 18:21:34 INFO  ApacheHttpClient.sendEvent(528) - responseCode = 200
2020-01-17 18:22:34 INFO  ApacheHttpClient.sendEvent(528) - responseCode = 200
2020-01-17 18:23:34 INFO  ApacheHttpClient.sendEvent(528) - responseCode = 200
2020-01-17 18:24:34 INFO  ApacheHttpClient.sendEvent(528) - responseCode = 200
2020-01-17 18:25:34 INFO  ApacheHttpClient.sendEvent(528) - responseCode = 200
2020-01-17 18:26:34 INFO  ApacheHttpClient.sendEvent(528) - responseCode = 200
2020-01-17 18:27:34 INFO  ApacheHttpClient.sendEvent(528) - responseCode = 200
2020-01-17 18:28:34 INFO  ApacheHttpClient.sendEvent(528) - responseCode = 200
2020-01-17 18:29:34 INFO  ApacheHttpClient.sendEvent(528) - responseCode = 200
2020-01-17 18:30:34 INFO  ApacheHttpClient.sendEvent(528) - responseCode = 200
2020-01-17 18:31:34 INFO  ApacheHttpClient.sendEvent(528) - responseCode = 200
2020-01-17 18:32:34 INFO  ApacheHttpClient.sendEvent(528) - responseCode = 200
2020-01-17 18:33:34 INFO  ApacheHttpClient.sendEvent(528) - responseCode = 200
2020-01-17 18:34:34 INFO  ApacheHttpClient.sendEvent(528) - responseCode = 200
2020-01-17 18:35:34 INFO  ApacheHttpClient.sendEvent(528) - responseCode = 200
2020-01-17 18:36:34 INFO  ApacheHttpClient.sendEvent(528) - responseCode = 200
2020-01-17 18:37:34 INFO  ApacheHttpClient.sendEvent(528) - responseCode = 200
2020-01-17 18:38:34 INFO  ApacheHttpClient.sendEvent(528) - responseCode = 200
2020-01-17 18:39:34 INFO  ApacheHttpClient.sendEvent(528) - responseCode = 200
2020-01-17 18:40:34 INFO  ApacheHttpClient.sendEvent(528) - responseCode = 200
2020-01-17 18:41:34 INFO  ApacheHttpClient.sendEvent(528) - responseCode = 200
2020-01-17 18:42:34 INFO  ApacheHttpClient.sendEvent(528) - responseCode = 200
2020-01-17 18:43:34 INFO  ApacheHttpClient.sendEvent(528) - responseCode = 200
2020-01-17 18:44:34 INFO  ApacheHttpClient.sendEvent(528) - responseCode = 200
2020-01-17 18:45:34 INFO  ApacheHttpClient.sendEvent(528) - responseCode = 200
2020-01-17 18:46:34 INFO  ApacheHttpClient.sendEvent(528) - responseCode = 200
2020-01-17 18:47:34 INFO  ApacheHttpClient.sendEvent(528) - responseCode = 200
2020-01-17 18:48:35 INFO  ApacheHttpClient.getWebResourceAsStream(495) - responseCode = 200
2020-01-17 18:48:36 INFO  ApacheHttpClient.getWebResourceAsStream(495) - responseCode = 200
2020-01-17 18:48:37 INFO  ApacheHttpClient.sendEvent(528) - responseCode = 200
2020-01-17 18:48:38 INFO  ApacheHttpClient.completed(28) - responseCode = 200
2020-01-17 18:48:39 INFO  ApacheHttpClient.getTask(481) - responseCode = 200
2020-01-17 18:48:39 INFO  ApacheHttpClient.getTask(481) - responseCode = 200
2020-01-17 18:49:00 INFO  ApacheHttpClient.getWebResourceAsStream(495) - responseCode = 200
2020-01-17 18:49:01 INFO  ApacheHttpClient.getFilteredTasks(334) - responseCode = 200
2020-01-17 18:49:34 INFO  ApacheHttpClient.sendEvent(528) - responseCode = 200
2020-01-17 18:50:08 INFO  ApacheHttpClient.getWebResourceAsStream(495) - responseCode = 200
2020-01-17 18:50:08 INFO  ApacheHttpClient.getFilteredTasks(334) - responseCode = 200
2020-01-17 18:50:10 INFO  ApacheHttpClient.getTaskTemplateInfo(351) - responseCode = 200
2020-01-17 18:50:11 INFO  ApacheHttpClient.getWebResourceAsStream(495) - responseCode = 200
2020-01-17 18:50:34 INFO  ApacheHttpClient.sendEvent(528) - responseCode = 200
2020-01-17 18:51:34 INFO  ApacheHttpClient.sendEvent(528) - responseCode = 200
2020-01-17 18:52:34 INFO  ApacheHttpClient.sendEvent(528) - responseCode = 200
2020-01-17 18:53:34 INFO  ApacheHttpClient.sendEvent(528) - responseCode = 200
2020-01-17 18:53:52 INFO  ApacheHttpClient.getWebResourceAsStream(495) - responseCode = 200
2020-01-17 18:53:53 INFO  ApacheHttpClient.getWebResourceAsStream(495) - responseCode = 200
2020-01-17 18:53:53 INFO  ApacheHttpClient.getTask(481) - responseCode = 200
2020-01-17 18:53:55 INFO  ApacheHttpClient.completed(28) - responseCode = 200
2020-01-17 18:54:34 INFO  ApacheHttpClient.sendEvent(528) - responseCode = 200
2020-01-17 18:55:34 INFO  ApacheHttpClient.sendEvent(528) - responseCode = 200
2020-01-17 18:56:34 INFO  ApacheHttpClient.sendEvent(528) - responseCode = 200
2020-01-17 18:57:34 INFO  ApacheHttpClient.sendEvent(528) - responseCode = 200
2020-01-17 18:58:34 INFO  ApacheHttpClient.sendEvent(528) - responseCode = 200
2020-01-17 18:59:34 INFO  ApacheHttpClient.sendEvent(528) - responseCode = 200
2020-01-17 19:00:34 INFO  ApacheHttpClient.sendEvent(528) - responseCode = 200
2020-01-17 19:01:34 INFO  ApacheHttpClient.sendEvent(528) - responseCode = 200
2020-01-17 19:02:34 INFO  ApacheHttpClient.sendEvent(528) - responseCode = 200
2020-01-17 19:03:34 INFO  ApacheHttpClient.sendEvent(528) - responseCode = 200
2020-01-17 19:04:34 INFO  ApacheHttpClient.sendEvent(528) - responseCode = 200
2020-01-17 19:05:34 INFO  ApacheHttpClient.sendEvent(528) - responseCode = 200
2020-01-17 19:06:34 INFO  ApacheHttpClient.sendEvent(528) - responseCode = 200
2020-01-17 19:07:34 INFO  ApacheHttpClient.sendEvent(528) - responseCode = 200
2020-01-17 19:08:34 INFO  ApacheHttpClient.sendEvent(528) - responseCode = 200
2020-01-17 19:09:53 ERROR ApacheHttpClient.processExceptionSendEvent(109) - (super) : Error while sending the event to the server.
2020-01-17 19:10:34 INFO  ApacheHttpClient.sendEvent(528) - responseCode = 200
2020-01-17 19:11:34 INFO  ApacheHttpClient.sendEvent(528) - responseCode = 200
2020-01-17 19:12:34 INFO  ApacheHttpClient.sendEvent(528) - responseCode = 200
2020-01-17 19:13:34 INFO  ApacheHttpClient.sendEvent(528) - responseCode = 200
2020-01-17 19:14:34 INFO  ApacheHttpClient.sendEvent(528) - responseCode = 200
2020-01-17 19:15:34 INFO  ApacheHttpClient.sendEvent(528) - responseCode = 200
2020-01-17 19:16:34 INFO  ApacheHttpClient.sendEvent(528) - responseCode = 200
2020-01-17 19:17:34 INFO  ApacheHttpClient.sendEvent(528) - responseCode = 200
2020-01-17 19:18:34 INFO  ApacheHttpClient.sendEvent(528) - responseCode = 200
2020-01-17 19:19:34 INFO  ApacheHttpClient.sendEvent(528) - responseCode = 200
2020-01-17 19:20:34 INFO  ApacheHttpClient.sendEvent(528) - responseCode = 200
2020-01-17 19:21:34 INFO  ApacheHttpClient.sendEvent(528) - responseCode = 200
2020-01-17 19:22:34 INFO  ApacheHttpClient.sendEvent(528) - responseCode = 200
2020-01-17 19:23:34 INFO  ApacheHttpClient.sendEvent(528) - responseCode = 200
2020-01-17 19:24:34 INFO  ApacheHttpClient.sendEvent(528) - responseCode = 200
2020-01-17 19:25:34 INFO  ApacheHttpClient.sendEvent(528) - responseCode = 200
2020-01-17 19:26:34 INFO  ApacheHttpClient.sendEvent(528) - responseCode = 200
2020-01-17 19:27:34 INFO  ApacheHttpClient.sendEvent(528) - responseCode = 200
2020-01-17 19:28:34 INFO  ApacheHttpClient.sendEvent(528) - responseCode = 200
2020-01-17 19:29:34 INFO  ApacheHttpClient.sendEvent(528) - responseCode = 200
2020-01-17 19:30:34 INFO  ApacheHttpClient.sendEvent(528) - responseCode = 200
2020-01-17 19:31:34 INFO  ApacheHttpClient.sendEvent(528) - responseCode = 200
2020-01-17 19:32:34 INFO  ApacheHttpClient.sendEvent(528) - responseCode = 200
2020-01-17 19:33:34 INFO  ApacheHttpClient.sendEvent(528) - responseCode = 200
2020-01-17 19:34:34 INFO  ApacheHttpClient.sendEvent(528) - responseCode = 200
2020-01-17 19:35:34 INFO  ApacheHttpClient.sendEvent(528) - responseCode = 200
2020-01-17 19:36:34 INFO  ApacheHttpClient.sendEvent(528) - responseCode = 200
2020-01-17 19:37:34 INFO  ApacheHttpClient.sendEvent(528) - responseCode = 200
2020-01-17 19:38:34 INFO  ApacheHttpClient.sendEvent(528) - responseCode = 200
2020-01-17 19:39:34 INFO  ApacheHttpClient.sendEvent(528) - responseCode = 200
2020-01-17 19:40:34 INFO  ApacheHttpClient.sendEvent(528) - responseCode = 200
2020-01-17 19:41:34 INFO  ApacheHttpClient.sendEvent(528) - responseCode = 200
2020-01-17 19:42:34 INFO  ApacheHttpClient.sendEvent(528) - responseCode = 200
2020-01-17 19:43:34 INFO  ApacheHttpClient.sendEvent(528) - responseCode = 200
2020-01-17 19:44:34 INFO  ApacheHttpClient.sendEvent(528) - responseCode = 200
2020-01-17 19:45:34 INFO  ApacheHttpClient.sendEvent(528) - responseCode = 200
2020-01-17 19:46:34 INFO  ApacheHttpClient.sendEvent(528) - responseCode = 200
2020-01-17 19:47:34 INFO  ApacheHttpClient.sendEvent(528) - responseCode = 200
2020-01-17 19:48:29 INFO  ApacheHttpClient.getWebResourceAsStream(495) - responseCode = 200
2020-01-17 19:48:30 INFO  ApacheHttpClient.getWebResourceAsStream(495) - responseCode = 200
2020-01-17 19:48:30 INFO  ApacheHttpClient.getTask(481) - responseCode = 200
2020-01-17 19:48:33 INFO  ApacheHttpClient.completed(28) - responseCode = 200
2020-01-17 19:48:33 INFO  ApacheHttpClient.getTask(481) - responseCode = 200
2020-01-17 19:48:34 INFO  ApacheHttpClient.sendEvent(528) - responseCode = 200
2020-01-17 19:48:38 INFO  ApacheHttpClient.getWebResourceAsStream(495) - responseCode = 200
2020-01-17 19:48:38 INFO  ApacheHttpClient.getFilteredTasks(334) - responseCode = 200
2020-01-17 19:48:40 INFO  ApacheHttpClient.getTaskTemplateInfo(351) - responseCode = 200
2020-01-17 19:48:41 INFO  ApacheHttpClient.getWebResourceAsStream(495) - responseCode = 200
2020-01-17 19:49:32 INFO  ApacheHttpClient.getWebResourceAsStream(495) - responseCode = 200
2020-01-17 19:49:32 INFO  ApacheHttpClient.getTask(481) - responseCode = 200
2020-01-17 19:49:32 INFO  ApacheHttpClient.getWebResourceAsStream(495) - responseCode = 200
2020-01-17 19:49:34 INFO  ApacheHttpClient.sendEvent(528) - responseCode = 200
2020-01-17 19:49:34 INFO  ApacheHttpClient.completed(28) - responseCode = 200
2020-01-17 19:49:34 INFO  ApacheHttpClient.getTask(481) - responseCode = 200
2020-01-17 19:49:39 INFO  PluginTasksProjectComponent.projectClosing(188) - ---------- Project closed ----------

2020-01-17 19:49:39 INFO  ApacheHttpClient.getTask(481) - responseCode = 200
2020-01-17 19:49:39 INFO  ApacheHttpClient.getTask(481) - responseCode = 200
2020-01-17 19:49:39 INFO  ApacheHttpClient.getTask(481) - responseCode = 200
2020-01-17 19:49:40 INFO  ApacheHttpClient.getTask(481) - responseCode = 200
2020-01-17 19:49:40 ERROR PluginUtil.getUserPropertyFromProjectByKey(319) - Error while using a key to get a property from properties file. : java.lang.NullPointerException
2020-01-17 19:49:40 ERROR PluginUtil.getUserPropertyFromProjectByKey(319) - Error while using a key to get a property from properties file. : java.lang.NullPointerException
2020-01-17 19:49:40 ERROR PluginUtil.getUserPropertyFromProjectByKey(319) - Error while using a key to get a property from properties file. : java.lang.NullPointerException
2020-01-17 19:49:40 ERROR PluginUtil.getUserPropertyFromProjectByKey(319) - Error while using a key to get a property from properties file. : java.lang.NullPointerException
2020-01-17 19:49:40 ERROR PluginUtil.getUserPropertyFromProjectByKey(319) - Error while using a key to get a property from properties file. : java.lang.NullPointerException
2020-01-17 19:49:40 ERROR PluginUtil.getUserPropertyFromProjectByKey(319) - Error while using a key to get a property from properties file. : java.lang.NullPointerException
2020-01-17 19:49:40 ERROR PluginUtil.getUserPropertyFromProjectByKey(319) - Error while using a key to get a property from properties file. : java.lang.NullPointerException
2020-01-17 19:49:40 ERROR PluginUtil.getUserPropertyFromProjectByKey(319) - Error while using a key to get a property from properties file. : java.lang.NullPointerException
2020-01-17 19:49:40 ERROR PluginUtil.getUserPropertyFromProjectByKey(319) - Error while using a key to get a property from properties file. : java.lang.NullPointerException
2020-01-17 19:58:53 INFO  PluginTasksProjectComponent.projectOpened(77) - ---------- Project opened ----------
2020-01-17 19:58:54 INFO  PluginTasksProjectComponent.projectOpened(78) - ---------- Version 3.37 ----------

2020-01-17 19:58:54 INFO  ApacheHttpClient.createAsyncHttpClient(145) - 1 proxies selected. Type: DIRECT
2020-01-17 19:58:54 INFO  ApacheHttpClient.<init>(96) - ApacheHttpClient was successfully instantiated.
2020-01-17 19:58:58 INFO  ApacheHttpClient.testConnection(203) - responseCode = 200
2020-01-17 19:58:58 INFO  ApacheHttpClient.testConnection(218) - result = true
2020-01-17 19:59:00 INFO  ApacheHttpClient.isSessionAppropriateWithSecretKey(595) - Waiting for server response.
2020-01-17 19:59:00 INFO  ApacheHttpClient.isSessionAppropriateWithSecretKey(595) - Waiting for server response.
2020-01-17 19:59:01 INFO  ApacheHttpClient.refreshUserInfo(303) - responseCode = 200
2020-01-17 19:59:01 INFO  ApacheHttpClient.refreshUserInfo(309) - User information received.
2020-01-17 19:59:01 INFO  ApacheHttpClient.startGA(35) - GAService started.
2020-01-17 19:59:01 INFO  AbstractRestApiClient.startService(71) - EventsService started.
2020-01-17 19:59:12 INFO  ApacheHttpClient.getWebResourceAsStream(495) - responseCode = 200
2020-01-17 20:00:01 INFO  ApacheHttpClient.sendEvent(528) - responseCode = 200
2020-01-17 20:01:01 INFO  ApacheHttpClient.sendEvent(528) - responseCode = 200
2020-01-17 20:02:01 INFO  ApacheHttpClient.sendEvent(528) - responseCode = 200
2020-01-17 20:03:01 INFO  ApacheHttpClient.sendEvent(528) - responseCode = 200
2020-01-17 20:04:01 INFO  ApacheHttpClient.sendEvent(528) - responseCode = 200
2020-01-17 20:05:01 INFO  ApacheHttpClient.sendEvent(528) - responseCode = 200
2020-01-17 20:06:01 INFO  ApacheHttpClient.sendEvent(528) - responseCode = 200
2020-01-17 20:07:01 INFO  ApacheHttpClient.sendEvent(528) - responseCode = 200
2020-01-17 20:08:01 INFO  ApacheHttpClient.sendEvent(528) - responseCode = 200
2020-01-17 20:09:01 INFO  ApacheHttpClient.sendEvent(528) - responseCode = 200
2020-01-17 20:10:01 INFO  ApacheHttpClient.sendEvent(528) - responseCode = 200
2020-01-17 20:11:01 INFO  ApacheHttpClient.sendEvent(528) - responseCode = 200
2020-01-17 20:12:01 INFO  ApacheHttpClient.sendEvent(528) - responseCode = 200
2020-01-17 20:13:01 INFO  ApacheHttpClient.sendEvent(528) - responseCode = 200
2020-01-17 20:14:01 INFO  ApacheHttpClient.sendEvent(528) - responseCode = 200
2020-01-17 20:15:01 INFO  ApacheHttpClient.sendEvent(528) - responseCode = 200
2020-01-17 20:16:01 INFO  ApacheHttpClient.sendEvent(528) - responseCode = 200
2020-01-17 20:17:01 INFO  ApacheHttpClient.sendEvent(528) - responseCode = 200
2020-01-17 20:18:01 INFO  ApacheHttpClient.sendEvent(528) - responseCode = 200
2020-01-17 20:19:01 INFO  ApacheHttpClient.sendEvent(528) - responseCode = 200
2020-01-17 20:20:01 INFO  ApacheHttpClient.sendEvent(528) - responseCode = 200
2020-01-17 20:21:01 INFO  ApacheHttpClient.sendEvent(528) - responseCode = 200
2020-01-17 20:22:01 INFO  ApacheHttpClient.sendEvent(528) - responseCode = 200
2020-01-17 20:23:01 INFO  ApacheHttpClient.sendEvent(528) - responseCode = 200
2020-01-17 20:24:01 INFO  ApacheHttpClient.sendEvent(528) - responseCode = 200
2020-01-17 20:25:01 INFO  ApacheHttpClient.sendEvent(528) - responseCode = 200
2020-01-17 20:26:01 INFO  ApacheHttpClient.sendEvent(528) - responseCode = 200
2020-01-17 20:27:01 INFO  ApacheHttpClient.sendEvent(528) - responseCode = 200
2020-01-17 20:28:01 INFO  ApacheHttpClient.sendEvent(528) - responseCode = 200
2020-01-17 20:29:01 INFO  ApacheHttpClient.sendEvent(528) - responseCode = 200
2020-01-17 20:30:01 INFO  ApacheHttpClient.sendEvent(528) - responseCode = 200
2020-01-17 20:31:01 INFO  ApacheHttpClient.sendEvent(528) - responseCode = 200
2020-01-17 20:32:01 INFO  ApacheHttpClient.sendEvent(528) - responseCode = 200
2020-01-17 20:33:01 INFO  ApacheHttpClient.sendEvent(528) - responseCode = 200
2020-01-17 20:34:01 INFO  ApacheHttpClient.sendEvent(528) - responseCode = 200
2020-01-17 20:35:01 INFO  ApacheHttpClient.sendEvent(528) - responseCode = 200
2020-01-17 20:36:01 INFO  ApacheHttpClient.sendEvent(528) - responseCode = 200
2020-01-17 20:37:01 INFO  ApacheHttpClient.sendEvent(528) - responseCode = 200
2020-01-17 20:38:01 INFO  ApacheHttpClient.sendEvent(528) - responseCode = 200
2020-01-17 20:39:01 INFO  ApacheHttpClient.sendEvent(528) - responseCode = 200
2020-01-17 20:40:01 INFO  ApacheHttpClient.sendEvent(528) - responseCode = 200
2020-01-17 20:41:01 INFO  ApacheHttpClient.sendEvent(528) - responseCode = 200
2020-01-17 20:42:01 INFO  ApacheHttpClient.sendEvent(528) - responseCode = 200
2020-01-17 20:43:01 INFO  ApacheHttpClient.sendEvent(528) - responseCode = 200
2020-01-17 20:44:01 INFO  ApacheHttpClient.sendEvent(528) - responseCode = 200
2020-01-17 20:45:01 INFO  ApacheHttpClient.sendEvent(528) - responseCode = 200
2020-01-17 20:46:01 INFO  ApacheHttpClient.sendEvent(528) - responseCode = 200
2020-01-17 20:47:01 INFO  ApacheHttpClient.sendEvent(528) - responseCode = 200
2020-01-17 20:47:27 INFO  PluginTasksProjectComponent.projectClosing(188) - ---------- Project closed ----------

2020-01-17 20:47:27 INFO  ApacheHttpClient.getTask(481) - responseCode = 200
2020-01-17 20:47:27 ERROR PluginUtil.getUserPropertyFromProjectByKey(319) - Error while using a key to get a property from properties file. : java.lang.NullPointerException
2020-01-17 20:47:27 ERROR PluginUtil.getUserPropertyFromProjectByKey(319) - Error while using a key to get a property from properties file. : java.lang.NullPointerException
2020-01-17 20:47:27 ERROR PluginUtil.getUserPropertyFromProjectByKey(319) - Error while using a key to get a property from properties file. : java.lang.NullPointerException
2020-01-17 20:47:27 ERROR PluginUtil.getUserPropertyFromProjectByKey(319) - Error while using a key to get a property from properties file. : java.lang.NullPointerException
2020-01-17 20:47:27 ERROR PluginUtil.getUserPropertyFromProjectByKey(319) - Error while using a key to get a property from properties file. : java.lang.NullPointerException
2020-01-17 20:47:27 ERROR PluginUtil.getUserPropertyFromProjectByKey(319) - Error while using a key to get a property from properties file. : java.lang.NullPointerException
2020-01-17 20:47:27 ERROR PluginUtil.getUserPropertyFromProjectByKey(319) - Error while using a key to get a property from properties file. : java.lang.NullPointerException
2020-01-17 20:47:27 ERROR PluginUtil.getUserPropertyFromProjectByKey(319) - Error while using a key to get a property from properties file. : java.lang.NullPointerException
2020-01-17 20:47:27 ERROR PluginUtil.getUserPropertyFromProjectByKey(319) - Error while using a key to get a property from properties file. : java.lang.NullPointerException
2020-01-18 18:28:11 INFO  PluginTasksProjectComponent.projectOpened(77) - ---------- Project opened ----------
2020-01-18 18:28:11 INFO  PluginTasksProjectComponent.projectOpened(78) - ---------- Version 3.37 ----------

2020-01-18 18:28:11 INFO  ApacheHttpClient.createAsyncHttpClient(145) - 1 proxies selected. Type: DIRECT
2020-01-18 18:28:11 INFO  ApacheHttpClient.<init>(96) - ApacheHttpClient was successfully instantiated.
2020-01-18 18:28:13 INFO  ApacheHttpClient.testConnection(203) - responseCode = 200
2020-01-18 18:28:13 INFO  ApacheHttpClient.testConnection(218) - result = true
2020-01-18 18:28:13 INFO  ApacheHttpClient.isSessionAppropriateWithSecretKey(595) - Waiting for server response.
2020-01-18 18:28:13 INFO  ApacheHttpClient.isSessionAppropriateWithSecretKey(595) - Waiting for server response.
2020-01-18 18:28:14 INFO  ApacheHttpClient.refreshUserInfo(303) - responseCode = 200
2020-01-18 18:28:14 INFO  ApacheHttpClient.refreshUserInfo(309) - User information received.
2020-01-18 18:28:14 INFO  ApacheHttpClient.startGA(35) - GAService started.
2020-01-18 18:28:14 INFO  AbstractRestApiClient.startService(71) - EventsService started.
2020-01-18 18:28:28 INFO  ApacheHttpClient.getWebResourceAsStream(495) - responseCode = 200
2020-01-18 18:28:54 INFO  PluginTasksProjectComponent.projectClosing(188) - ---------- Project closed ----------

2020-01-18 18:28:54 INFO  ApacheHttpClient.getTask(481) - responseCode = 200
2020-01-18 18:28:54 ERROR PluginUtil.getUserPropertyFromProjectByKey(319) - Error while using a key to get a property from properties file. : java.lang.NullPointerException
2020-01-18 18:28:54 ERROR PluginUtil.getUserPropertyFromProjectByKey(319) - Error while using a key to get a property from properties file. : java.lang.NullPointerException
2020-01-18 18:28:54 ERROR PluginUtil.getUserPropertyFromProjectByKey(319) - Error while using a key to get a property from properties file. : java.lang.NullPointerException
2020-01-18 18:28:54 ERROR PluginUtil.getUserPropertyFromProjectByKey(319) - Error while using a key to get a property from properties file. : java.lang.NullPointerException
2020-01-18 18:28:54 ERROR PluginUtil.getUserPropertyFromProjectByKey(319) - Error while using a key to get a property from properties file. : java.lang.NullPointerException
2020-01-18 18:28:54 ERROR PluginUtil.getUserPropertyFromProjectByKey(319) - Error while using a key to get a property from properties file. : java.lang.NullPointerException
2020-01-18 18:28:54 ERROR PluginUtil.getUserPropertyFromProjectByKey(319) - Error while using a key to get a property from properties file. : java.lang.NullPointerException
2020-01-18 18:28:54 ERROR PluginUtil.getUserPropertyFromProjectByKey(319) - Error while using a key to get a property from properties file. : java.lang.NullPointerException
2020-01-18 18:28:54 ERROR PluginUtil.getUserPropertyFromProjectByKey(319) - Error while using a key to get a property from properties file. : java.lang.NullPointerException
2020-01-21 19:44:37 INFO  PluginTasksProjectComponent.projectOpened(77) - ---------- Project opened ----------
2020-01-21 19:44:37 INFO  PluginTasksProjectComponent.projectOpened(78) - ---------- Version 3.37 ----------

2020-01-21 19:44:37 INFO  ApacheHttpClient.createAsyncHttpClient(145) - 1 proxies selected. Type: DIRECT
2020-01-21 19:44:37 INFO  ApacheHttpClient.<init>(96) - ApacheHttpClient was successfully instantiated.
2020-01-21 19:44:39 INFO  ApacheHttpClient.testConnection(203) - responseCode = 200
2020-01-21 19:44:39 INFO  ApacheHttpClient.testConnection(218) - result = true
2020-01-21 19:44:39 INFO  ApacheHttpClient.isSessionAppropriateWithSecretKey(595) - Waiting for server response.
2020-01-21 19:44:39 INFO  ApacheHttpClient.isSessionAppropriateWithSecretKey(595) - Waiting for server response.
2020-01-21 19:44:40 INFO  ApacheHttpClient.refreshUserInfo(303) - responseCode = 200
2020-01-21 19:44:40 INFO  ApacheHttpClient.refreshUserInfo(309) - User information received.
2020-01-21 19:44:40 INFO  ApacheHttpClient.startGA(35) - GAService started.
2020-01-21 19:44:40 INFO  AbstractRestApiClient.startService(71) - EventsService started.
2020-01-21 19:44:52 INFO  ApacheHttpClient.getWebResourceAsStream(495) - responseCode = 200
2020-01-21 19:45:41 INFO  ApacheHttpClient.sendEvent(528) - responseCode = 200
2020-01-21 19:45:46 INFO  PluginTasksProjectComponent.projectClosing(188) - ---------- Project closed ----------

2020-01-21 19:45:46 INFO  ApacheHttpClient.getTask(481) - responseCode = 200
2020-01-21 19:45:46 ERROR PluginUtil.getUserPropertyFromProjectByKey(319) - Error while using a key to get a property from properties file. : java.lang.NullPointerException
2020-01-21 19:45:46 ERROR PluginUtil.getUserPropertyFromProjectByKey(319) - Error while using a key to get a property from properties file. : java.lang.NullPointerException
2020-01-21 19:45:46 ERROR PluginUtil.getUserPropertyFromProjectByKey(319) - Error while using a key to get a property from properties file. : java.lang.NullPointerException
2020-01-21 19:45:46 ERROR PluginUtil.getUserPropertyFromProjectByKey(319) - Error while using a key to get a property from properties file. : java.lang.NullPointerException
2020-01-21 19:45:46 ERROR PluginUtil.getUserPropertyFromProjectByKey(319) - Error while using a key to get a property from properties file. : java.lang.NullPointerException
2020-01-21 19:45:46 ERROR PluginUtil.getUserPropertyFromProjectByKey(319) - Error while using a key to get a property from properties file. : java.lang.NullPointerException
2020-01-21 19:45:46 ERROR PluginUtil.getUserPropertyFromProjectByKey(319) - Error while using a key to get a property from properties file. : java.lang.NullPointerException
2020-01-21 19:45:46 ERROR PluginUtil.getUserPropertyFromProjectByKey(319) - Error while using a key to get a property from properties file. : java.lang.NullPointerException
2020-01-21 19:45:46 ERROR PluginUtil.getUserPropertyFromProjectByKey(319) - Error while using a key to get a property from properties file. : java.lang.NullPointerException
2020-01-21 19:45:46 ERROR PluginUtil.getUserPropertyFromProjectByKey(319) - Error while using a key to get a property from properties file. : java.lang.NullPointerException
2020-01-24 21:07:20 INFO  PluginTasksProjectComponent.projectOpened(77) - ---------- Project opened ----------
2020-01-24 21:07:20 INFO  PluginTasksProjectComponent.projectOpened(78) - ---------- Version 3.37 ----------

2020-01-24 21:07:20 INFO  ApacheHttpClient.createAsyncHttpClient(145) - 1 proxies selected. Type: DIRECT
2020-01-24 21:07:20 INFO  ApacheHttpClient.<init>(96) - ApacheHttpClient was successfully instantiated.
2020-01-24 21:07:22 INFO  ApacheHttpClient.testConnection(203) - responseCode = 200
2020-01-24 21:07:22 INFO  ApacheHttpClient.testConnection(218) - result = true
2020-01-24 21:07:22 INFO  ApacheHttpClient.isSessionAppropriateWithSecretKey(595) - Waiting for server response.
2020-01-24 21:07:22 INFO  ApacheHttpClient.isSessionAppropriateWithSecretKey(595) - Waiting for server response.
2020-01-24 21:07:23 INFO  ApacheHttpClient.refreshUserInfo(303) - responseCode = 200
2020-01-24 21:07:23 INFO  ApacheHttpClient.refreshUserInfo(309) - User information received.
2020-01-24 21:07:23 INFO  ApacheHttpClient.startGA(35) - GAService started.
2020-01-24 21:07:24 INFO  AbstractRestApiClient.startService(71) - EventsService started.
2020-01-24 21:07:34 INFO  ApacheHttpClient.getWebResourceAsStream(495) - responseCode = 200
2020-01-24 21:07:45 INFO  PluginTasksProjectComponent.projectClosing(188) - ---------- Project closed ----------

2020-01-24 21:07:45 INFO  ApacheHttpClient.getTask(481) - responseCode = 200
2020-01-24 21:07:52 ERROR PluginUtil.getUserPropertyFromProjectByKey(319) - Error while using a key to get a property from properties file. : java.lang.NullPointerException
2020-01-24 21:07:52 ERROR PluginUtil.getUserPropertyFromProjectByKey(319) - Error while using a key to get a property from properties file. : java.lang.NullPointerException
2020-01-24 21:07:52 ERROR PluginUtil.getUserPropertyFromProjectByKey(319) - Error while using a key to get a property from properties file. : java.lang.NullPointerException
2020-01-24 21:07:52 ERROR PluginUtil.getUserPropertyFromProjectByKey(319) - Error while using a key to get a property from properties file. : java.lang.NullPointerException
2020-01-24 21:07:52 ERROR PluginUtil.getUserPropertyFromProjectByKey(319) - Error while using a key to get a property from properties file. : java.lang.NullPointerException
2020-01-24 21:07:52 ERROR PluginUtil.getUserPropertyFromProjectByKey(319) - Error while using a key to get a property from properties file. : java.lang.NullPointerException
2020-01-24 21:07:52 ERROR PluginUtil.getUserPropertyFromProjectByKey(319) - Error while using a key to get a property from properties file. : java.lang.NullPointerException
2020-01-24 21:07:52 ERROR PluginUtil.getUserPropertyFromProjectByKey(319) - Error while using a key to get a property from properties file. : java.lang.NullPointerException
2020-01-24 21:07:52 ERROR PluginUtil.getUserPropertyFromProjectByKey(319) - Error while using a key to get a property from properties file. : java.lang.NullPointerException
2020-01-24 21:07:52 ERROR PluginUtil.getUserPropertyFromProjectByKey(319) - Error while using a key to get a property from properties file. : java.lang.NullPointerException
2020-01-24 21:24:32 INFO  PluginTasksProjectComponent.projectOpened(77) - ---------- Project opened ----------
2020-01-24 21:24:32 INFO  PluginTasksProjectComponent.projectOpened(78) - ---------- Version 3.37 ----------

2020-01-24 21:24:33 INFO  ApacheHttpClient.createAsyncHttpClient(145) - 1 proxies selected. Type: DIRECT
2020-01-24 21:24:33 INFO  ApacheHttpClient.<init>(96) - ApacheHttpClient was successfully instantiated.
2020-01-24 21:24:34 INFO  ApacheHttpClient.testConnection(203) - responseCode = 200
2020-01-24 21:24:34 INFO  ApacheHttpClient.testConnection(218) - result = true
2020-01-24 21:24:35 INFO  ApacheHttpClient.isSessionAppropriateWithSecretKey(595) - Waiting for server response.
2020-01-24 21:24:35 INFO  ApacheHttpClient.isSessionAppropriateWithSecretKey(595) - Waiting for server response.
2020-01-24 21:24:36 INFO  ApacheHttpClient.refreshUserInfo(303) - responseCode = 200
2020-01-24 21:24:36 INFO  ApacheHttpClient.refreshUserInfo(309) - User information received.
2020-01-24 21:24:36 INFO  ApacheHttpClient.startGA(35) - GAService started.
2020-01-24 21:24:36 INFO  AbstractRestApiClient.startService(71) - EventsService started.
2020-01-24 21:24:44 INFO  ApacheHttpClient.getWebResourceAsStream(495) - responseCode = 200
2020-01-24 21:25:24 INFO  PluginTasksProjectComponent.projectClosing(188) - ---------- Project closed ----------

2020-01-24 21:25:25 INFO  ApacheHttpClient.getTask(481) - responseCode = 200
2020-01-24 21:25:25 ERROR PluginUtil.getUserPropertyFromProjectByKey(319) - Error while using a key to get a property from properties file. : java.lang.NullPointerException
2020-01-24 21:25:25 ERROR PluginUtil.getUserPropertyFromProjectByKey(319) - Error while using a key to get a property from properties file. : java.lang.NullPointerException
2020-01-24 21:25:25 ERROR PluginUtil.getUserPropertyFromProjectByKey(319) - Error while using a key to get a property from properties file. : java.lang.NullPointerException
2020-01-24 21:25:25 ERROR PluginUtil.getUserPropertyFromProjectByKey(319) - Error while using a key to get a property from properties file. : java.lang.NullPointerException
2020-01-24 21:25:25 ERROR PluginUtil.getUserPropertyFromProjectByKey(319) - Error while using a key to get a property from properties file. : java.lang.NullPointerException
2020-01-24 21:25:25 ERROR PluginUtil.getUserPropertyFromProjectByKey(319) - Error while using a key to get a property from properties file. : java.lang.NullPointerException
2020-01-24 21:25:25 ERROR PluginUtil.getUserPropertyFromProjectByKey(319) - Error while using a key to get a property from properties file. : java.lang.NullPointerException
2020-01-24 21:25:25 ERROR PluginUtil.getUserPropertyFromProjectByKey(319) - Error while using a key to get a property from properties file. : java.lang.NullPointerException
2020-01-24 21:25:25 ERROR PluginUtil.getUserPropertyFromProjectByKey(319) - Error while using a key to get a property from properties file. : java.lang.NullPointerException
2020-01-24 21:25:25 ERROR PluginUtil.getUserPropertyFromProjectByKey(319) - Error while using a key to get a property from properties file. : java.lang.NullPointerException
2020-01-25 16:30:51 INFO  PluginTasksProjectComponent.projectOpened(77) - ---------- Project opened ----------
2020-01-25 16:30:51 INFO  PluginTasksProjectComponent.projectOpened(78) - ---------- Version 3.37 ----------

2020-01-25 16:30:51 INFO  ApacheHttpClient.createAsyncHttpClient(145) - 1 proxies selected. Type: DIRECT
2020-01-25 16:30:51 INFO  ApacheHttpClient.<init>(96) - ApacheHttpClient was successfully instantiated.
2020-01-25 16:30:52 INFO  ApacheHttpClient.testConnection(203) - responseCode = 200
2020-01-25 16:30:52 INFO  ApacheHttpClient.testConnection(218) - result = true
2020-01-25 16:30:53 INFO  ApacheHttpClient.isSessionAppropriateWithSecretKey(595) - Waiting for server response.
2020-01-25 16:30:53 INFO  ApacheHttpClient.isSessionAppropriateWithSecretKey(595) - Waiting for server response.
2020-01-25 16:30:54 INFO  ApacheHttpClient.refreshUserInfo(303) - responseCode = 200
2020-01-25 16:30:54 INFO  ApacheHttpClient.refreshUserInfo(309) - User information received.
2020-01-25 16:30:54 INFO  ApacheHttpClient.startGA(35) - GAService started.
2020-01-25 16:30:54 INFO  AbstractRestApiClient.startService(71) - EventsService started.
2020-01-25 16:31:03 INFO  ApacheHttpClient.getWebResourceAsStream(495) - responseCode = 200
2020-01-25 16:31:54 INFO  ApacheHttpClient.sendEvent(528) - responseCode = 200
2020-01-25 16:32:54 INFO  ApacheHttpClient.sendEvent(528) - responseCode = 200
2020-01-25 16:33:05 INFO  PluginTasksProjectComponent.projectClosing(188) - ---------- Project closed ----------

2020-01-25 16:33:06 INFO  ApacheHttpClient.getTask(481) - responseCode = 200
2020-01-25 16:33:06 ERROR PluginUtil.getUserPropertyFromProjectByKey(319) - Error while using a key to get a property from properties file. : java.lang.NullPointerException
2020-01-25 16:33:06 ERROR PluginUtil.getUserPropertyFromProjectByKey(319) - Error while using a key to get a property from properties file. : java.lang.NullPointerException
2020-01-25 16:33:06 ERROR PluginUtil.getUserPropertyFromProjectByKey(319) - Error while using a key to get a property from properties file. : java.lang.NullPointerException
2020-01-25 16:33:06 ERROR PluginUtil.getUserPropertyFromProjectByKey(319) - Error while using a key to get a property from properties file. : java.lang.NullPointerException
2020-01-25 16:33:06 ERROR PluginUtil.getUserPropertyFromProjectByKey(319) - Error while using a key to get a property from properties file. : java.lang.NullPointerException
2020-01-25 16:33:06 ERROR PluginUtil.getUserPropertyFromProjectByKey(319) - Error while using a key to get a property from properties file. : java.lang.NullPointerException
2020-01-25 16:33:06 ERROR PluginUtil.getUserPropertyFromProjectByKey(319) - Error while using a key to get a property from properties file. : java.lang.NullPointerException
2020-01-25 16:33:06 ERROR PluginUtil.getUserPropertyFromProjectByKey(319) - Error while using a key to get a property from properties file. : java.lang.NullPointerException
2020-01-25 16:33:06 ERROR PluginUtil.getUserPropertyFromProjectByKey(319) - Error while using a key to get a property from properties file. : java.lang.NullPointerException
2020-01-25 16:33:06 ERROR PluginUtil.getUserPropertyFromProjectByKey(319) - Error while using a key to get a property from properties file. : java.lang.NullPointerException
2020-01-26 10:43:41 INFO  PluginTasksProjectComponent.projectOpened(77) - ---------- Project opened ----------
2020-01-26 10:43:41 INFO  PluginTasksProjectComponent.projectOpened(78) - ---------- Version 3.37 ----------

2020-01-26 10:43:41 INFO  ApacheHttpClient.createAsyncHttpClient(145) - 1 proxies selected. Type: DIRECT
2020-01-26 10:43:42 INFO  ApacheHttpClient.<init>(96) - ApacheHttpClient was successfully instantiated.
2020-01-26 10:43:43 INFO  ApacheHttpClient.testConnection(203) - responseCode = 200
2020-01-26 10:43:43 INFO  ApacheHttpClient.testConnection(218) - result = true
2020-01-26 10:43:43 INFO  ApacheHttpClient.isSessionAppropriateWithSecretKey(595) - Waiting for server response.
2020-01-26 10:43:44 INFO  ApacheHttpClient.isSessionAppropriateWithSecretKey(595) - Waiting for server response.
2020-01-26 10:43:44 INFO  ApacheHttpClient.refreshUserInfo(303) - responseCode = 200
2020-01-26 10:43:44 INFO  ApacheHttpClient.refreshUserInfo(309) - User information received.
2020-01-26 10:43:44 INFO  ApacheHttpClient.startGA(35) - GAService started.
2020-01-26 10:43:44 INFO  AbstractRestApiClient.startService(71) - EventsService started.
2020-01-26 10:43:54 INFO  ApacheHttpClient.getWebResourceAsStream(495) - responseCode = 200
2020-01-26 10:44:45 INFO  ApacheHttpClient.sendEvent(528) - responseCode = 200
2020-01-26 10:45:45 INFO  ApacheHttpClient.sendEvent(528) - responseCode = 200
2020-01-26 10:46:07 INFO  PluginTasksProjectComponent.projectClosing(188) - ---------- Project closed ----------

2020-01-26 10:46:07 INFO  ApacheHttpClient.getTask(481) - responseCode = 200
2020-01-26 10:46:08 ERROR PluginUtil.getUserPropertyFromProjectByKey(319) - Error while using a key to get a property from properties file. : java.lang.NullPointerException
2020-01-26 10:46:08 ERROR PluginUtil.getUserPropertyFromProjectByKey(319) - Error while using a key to get a property from properties file. : java.lang.NullPointerException
2020-01-26 10:46:08 ERROR PluginUtil.getUserPropertyFromProjectByKey(319) - Error while using a key to get a property from properties file. : java.lang.NullPointerException
2020-01-26 10:46:08 ERROR PluginUtil.getUserPropertyFromProjectByKey(319) - Error while using a key to get a property from properties file. : java.lang.NullPointerException
2020-01-26 10:46:08 ERROR PluginUtil.getUserPropertyFromProjectByKey(319) - Error while using a key to get a property from properties file. : java.lang.NullPointerException
2020-01-26 10:46:08 ERROR PluginUtil.getUserPropertyFromProjectByKey(319) - Error while using a key to get a property from properties file. : java.lang.NullPointerException
2020-01-26 10:46:08 ERROR PluginUtil.getUserPropertyFromProjectByKey(319) - Error while using a key to get a property from properties file. : java.lang.NullPointerException
2020-01-26 10:46:08 ERROR PluginUtil.getUserPropertyFromProjectByKey(319) - Error while using a key to get a property from properties file. : java.lang.NullPointerException
2020-01-26 10:46:08 ERROR PluginUtil.getUserPropertyFromProjectByKey(319) - Error while using a key to get a property from properties file. : java.lang.NullPointerException
2020-01-26 10:46:08 ERROR PluginUtil.getUserPropertyFromProjectByKey(319) - Error while using a key to get a property from properties file. : java.lang.NullPointerException
2020-01-26 14:07:52 INFO  ApacheHttpClient.getWebResourceAsStream(495) - responseCode = 200
2020-01-26 14:12:02 INFO  ApacheHttpClient.getWebResourceAsStream(495) - responseCode = 200
2020-02-22 17:03:12 INFO  PluginTasksProjectComponent.projectOpened(77) - ---------- Project opened ----------
2020-02-22 17:03:12 INFO  PluginTasksProjectComponent.projectOpened(78) - ---------- Version 3.37 ----------

2020-02-22 17:03:12 INFO  ApacheHttpClient.createAsyncHttpClient(145) - 1 proxies selected. Type: DIRECT
2020-02-22 17:03:12 INFO  ApacheHttpClient.<init>(96) - ApacheHttpClient was successfully instantiated.
2020-02-22 17:03:14 INFO  ApacheHttpClient.testConnection(203) - responseCode = 200
2020-02-22 17:03:14 INFO  ApacheHttpClient.testConnection(218) - result = true
2020-02-22 17:03:14 INFO  ApacheHttpClient.isSessionAppropriateWithSecretKey(595) - Waiting for server response.
2020-02-22 17:03:14 INFO  ApacheHttpClient.isSessionAppropriateWithSecretKey(595) - Waiting for server response.
2020-02-22 17:03:15 INFO  ApacheHttpClient.refreshUserInfo(303) - responseCode = 200
2020-02-22 17:03:15 INFO  ApacheHttpClient.refreshUserInfo(309) - User information received.
2020-02-22 17:03:15 INFO  ApacheHttpClient.startGA(35) - GAService started.
2020-02-22 17:03:15 INFO  AbstractRestApiClient.startService(71) - EventsService started.
2020-02-22 17:03:25 INFO  ApacheHttpClient.getWebResourceAsStream(495) - responseCode = 200
2020-02-22 17:04:15 INFO  ApacheHttpClient.sendEvent(528) - responseCode = 200
2020-02-22 17:04:16 INFO  ApacheHttpClient.sendEvent(528) - responseCode = 200
2020-02-22 17:05:15 INFO  ApacheHttpClient.sendEvent(528) - responseCode = 200
2020-02-22 17:05:15 INFO  ApacheHttpClient.sendEvent(528) - responseCode = 200
2020-02-22 17:06:15 INFO  ApacheHttpClient.sendEvent(528) - responseCode = 200
2020-02-22 17:06:16 INFO  ApacheHttpClient.sendEvent(528) - responseCode = 200
2020-02-22 17:07:15 INFO  ApacheHttpClient.sendEvent(528) - responseCode = 200
2020-02-22 17:07:16 INFO  ApacheHttpClient.sendEvent(528) - responseCode = 200
2020-02-22 17:07:30 INFO  PluginTasksProjectComponent.projectClosing(188) - ---------- Project closed ----------

2020-02-22 17:07:30 INFO  ApacheHttpClient.getTask(481) - responseCode = 200
2020-02-22 17:07:30 INFO  ApacheHttpClient.getTask(481) - responseCode = 200
2020-02-22 17:07:30 ERROR PluginUtil.getUserPropertyFromProjectByKey(319) - Error while using a key to get a property from properties file. : java.lang.NullPointerException
2020-02-22 17:07:30 ERROR PluginUtil.getUserPropertyFromProjectByKey(319) - Error while using a key to get a property from properties file. : java.lang.NullPointerException
2020-02-22 17:07:30 ERROR PluginUtil.getUserPropertyFromProjectByKey(319) - Error while using a key to get a property from properties file. : java.lang.NullPointerException
2020-02-22 17:07:30 ERROR PluginUtil.getUserPropertyFromProjectByKey(319) - Error while using a key to get a property from properties file. : java.lang.NullPointerException
2020-02-22 17:07:30 ERROR PluginUtil.getUserPropertyFromProjectByKey(319) - Error while using a key to get a property from properties file. : java.lang.NullPointerException
2020-02-22 17:07:30 ERROR PluginUtil.getUserPropertyFromProjectByKey(319) - Error while using a key to get a property from properties file. : java.lang.NullPointerException
2020-02-22 17:07:30 ERROR PluginUtil.getUserPropertyFromProjectByKey(319) - Error while using a key to get a property from properties file. : java.lang.NullPointerException
2020-02-22 17:07:30 ERROR PluginUtil.getUserPropertyFromProjectByKey(319) - Error while using a key to get a property from properties file. : java.lang.NullPointerException
2020-02-22 17:07:30 ERROR PluginUtil.getUserPropertyFromProjectByKey(319) - Error while using a key to get a property from properties file. : java.lang.NullPointerException
2020-02-22 17:07:30 ERROR PluginUtil.getUserPropertyFromProjectByKey(319) - Error while using a key to get a property from properties file. : java.lang.NullPointerException
2020-02-22 20:01:54 INFO  PluginTasksProjectComponent.projectOpened(77) - ---------- Project opened ----------
2020-02-22 20:01:54 INFO  PluginTasksProjectComponent.projectOpened(78) - ---------- Version 3.37 ----------

2020-02-22 20:01:54 INFO  ApacheHttpClient.createAsyncHttpClient(145) - 1 proxies selected. Type: DIRECT
2020-02-22 20:01:54 INFO  ApacheHttpClient.<init>(96) - ApacheHttpClient was successfully instantiated.
2020-02-22 20:01:56 INFO  ApacheHttpClient.testConnection(203) - responseCode = 200
2020-02-22 20:01:56 INFO  ApacheHttpClient.testConnection(218) - result = true
2020-02-22 20:01:57 INFO  ApacheHttpClient.isSessionAppropriateWithSecretKey(595) - Waiting for server response.
2020-02-22 20:01:57 INFO  ApacheHttpClient.isSessionAppropriateWithSecretKey(595) - Waiting for server response.
2020-02-22 20:01:58 INFO  ApacheHttpClient.refreshUserInfo(303) - responseCode = 200
2020-02-22 20:01:58 INFO  ApacheHttpClient.refreshUserInfo(309) - User information received.
2020-02-22 20:01:58 INFO  ApacheHttpClient.startGA(35) - GAService started.
2020-02-22 20:01:58 INFO  AbstractRestApiClient.startService(71) - EventsService started.
2020-02-22 20:02:09 INFO  ApacheHttpClient.getWebResourceAsStream(495) - responseCode = 200
2020-02-22 20:02:21 INFO  PluginTasksProjectComponent.projectClosing(188) - ---------- Project closed ----------

2020-02-22 20:02:21 INFO  ApacheHttpClient.getTask(481) - responseCode = 200
2020-02-22 20:02:24 ERROR PluginUtil.getUserPropertyFromProjectByKey(319) - Error while using a key to get a property from properties file. : java.lang.NullPointerException
2020-02-22 20:02:24 ERROR PluginUtil.getUserPropertyFromProjectByKey(319) - Error while using a key to get a property from properties file. : java.lang.NullPointerException
2020-02-22 20:02:24 ERROR PluginUtil.getUserPropertyFromProjectByKey(319) - Error while using a key to get a property from properties file. : java.lang.NullPointerException
2020-02-22 20:02:24 ERROR PluginUtil.getUserPropertyFromProjectByKey(319) - Error while using a key to get a property from properties file. : java.lang.NullPointerException
2020-02-22 20:02:24 ERROR PluginUtil.getUserPropertyFromProjectByKey(319) - Error while using a key to get a property from properties file. : java.lang.NullPointerException
2020-02-22 20:02:24 ERROR PluginUtil.getUserPropertyFromProjectByKey(319) - Error while using a key to get a property from properties file. : java.lang.NullPointerException
2020-02-22 20:02:24 ERROR PluginUtil.getUserPropertyFromProjectByKey(319) - Error while using a key to get a property from properties file. : java.lang.NullPointerException
2020-02-22 20:02:24 ERROR PluginUtil.getUserPropertyFromProjectByKey(319) - Error while using a key to get a property from properties file. : java.lang.NullPointerException
2020-02-22 20:02:24 ERROR PluginUtil.getUserPropertyFromProjectByKey(319) - Error while using a key to get a property from properties file. : java.lang.NullPointerException
2020-02-22 20:02:24 ERROR PluginUtil.getUserPropertyFromProjectByKey(319) - Error while using a key to get a property from properties file. : java.lang.NullPointerException
2020-03-01 14:33:06 INFO  PluginTasksProjectComponent.projectOpened(77) - ---------- Project opened ----------
2020-03-01 14:33:06 INFO  PluginTasksProjectComponent.projectOpened(78) - ---------- Version 3.37 ----------

2020-03-01 14:33:07 INFO  ApacheHttpClient.createAsyncHttpClient(145) - 1 proxies selected. Type: DIRECT
2020-03-01 14:33:07 INFO  ApacheHttpClient.<init>(96) - ApacheHttpClient was successfully instantiated.
2020-03-01 14:33:09 INFO  ApacheHttpClient.testConnection(203) - responseCode = 200
2020-03-01 14:33:09 INFO  ApacheHttpClient.testConnection(218) - result = true
2020-03-01 14:33:10 INFO  ApacheHttpClient.isSessionAppropriateWithSecretKey(595) - Waiting for server response.
2020-03-01 14:33:10 INFO  ApacheHttpClient.isSessionAppropriateWithSecretKey(595) - Waiting for server response.
2020-03-01 14:33:11 INFO  ApacheHttpClient.refreshUserInfo(303) - responseCode = 200
2020-03-01 14:33:11 INFO  ApacheHttpClient.refreshUserInfo(309) - User information received.
2020-03-01 14:33:11 INFO  ApacheHttpClient.startGA(35) - GAService started.
2020-03-01 14:33:11 INFO  AbstractRestApiClient.startService(71) - EventsService started.
2020-03-01 14:33:22 INFO  ApacheHttpClient.getWebResourceAsStream(495) - responseCode = 200
2020-03-01 14:34:11 INFO  ApacheHttpClient.sendEvent(528) - responseCode = 200
2020-03-01 14:35:11 INFO  ApacheHttpClient.sendEvent(528) - responseCode = 200
2020-03-01 14:35:53 INFO  PluginTasksProjectComponent.projectClosing(188) - ---------- Project closed ----------

2020-03-01 14:35:54 INFO  ApacheHttpClient.getTask(481) - responseCode = 200
2020-03-01 14:35:54 ERROR PluginUtil.getUserPropertyFromProjectByKey(319) - Error while using a key to get a property from properties file. : java.lang.NullPointerException
2020-03-01 14:35:54 ERROR PluginUtil.getUserPropertyFromProjectByKey(319) - Error while using a key to get a property from properties file. : java.lang.NullPointerException
2020-03-01 14:35:54 ERROR PluginUtil.getUserPropertyFromProjectByKey(319) - Error while using a key to get a property from properties file. : java.lang.NullPointerException
2020-03-01 14:35:54 ERROR PluginUtil.getUserPropertyFromProjectByKey(319) - Error while using a key to get a property from properties file. : java.lang.NullPointerException
2020-03-01 14:35:54 ERROR PluginUtil.getUserPropertyFromProjectByKey(319) - Error while using a key to get a property from properties file. : java.lang.NullPointerException
2020-03-01 14:35:54 ERROR PluginUtil.getUserPropertyFromProjectByKey(319) - Error while using a key to get a property from properties file. : java.lang.NullPointerException
2020-03-01 14:35:54 ERROR PluginUtil.getUserPropertyFromProjectByKey(319) - Error while using a key to get a property from properties file. : java.lang.NullPointerException
2020-03-01 14:35:54 ERROR PluginUtil.getUserPropertyFromProjectByKey(319) - Error while using a key to get a property from properties file. : java.lang.NullPointerException
2020-03-01 14:35:54 ERROR PluginUtil.getUserPropertyFromProjectByKey(319) - Error while using a key to get a property from properties file. : java.lang.NullPointerException
2020-03-01 14:35:54 ERROR PluginUtil.getUserPropertyFromProjectByKey(319) - Error while using a key to get a property from properties file. : java.lang.NullPointerException
2020-03-05 18:46:51 INFO  PluginTasksProjectComponent.projectOpened(77) - ---------- Project opened ----------
2020-03-05 18:46:51 INFO  PluginTasksProjectComponent.projectOpened(78) - ---------- Version 3.37 ----------

2020-03-05 18:46:51 INFO  ApacheHttpClient.createAsyncHttpClient(145) - 1 proxies selected. Type: DIRECT
2020-03-05 18:46:51 INFO  ApacheHttpClient.<init>(96) - ApacheHttpClient was successfully instantiated.
2020-03-05 18:46:53 INFO  ApacheHttpClient.testConnection(203) - responseCode = 200
2020-03-05 18:46:53 INFO  ApacheHttpClient.testConnection(218) - result = true
2020-03-05 18:46:53 INFO  ApacheHttpClient.isSessionAppropriateWithSecretKey(595) - Waiting for server response.
2020-03-05 18:46:53 INFO  ApacheHttpClient.isSessionAppropriateWithSecretKey(595) - Waiting for server response.
2020-03-05 18:46:54 INFO  ApacheHttpClient.refreshUserInfo(303) - responseCode = 200
2020-03-05 18:46:54 INFO  ApacheHttpClient.refreshUserInfo(309) - User information received.
2020-03-05 18:46:54 INFO  ApacheHttpClient.startGA(35) - GAService started.
2020-03-05 18:46:54 INFO  AbstractRestApiClient.startService(71) - EventsService started.
2020-03-05 18:47:13 INFO  ApacheHttpClient.getWebResourceAsStream(495) - responseCode = 200
2020-03-05 18:47:24 INFO  PluginTasksProjectComponent.projectClosing(188) - ---------- Project closed ----------

2020-03-05 18:47:25 INFO  ApacheHttpClient.getTask(481) - responseCode = 200
2020-03-05 18:47:30 ERROR PluginUtil.getUserPropertyFromProjectByKey(319) - Error while using a key to get a property from properties file. : java.lang.NullPointerException
2020-03-05 18:47:30 ERROR PluginUtil.getUserPropertyFromProjectByKey(319) - Error while using a key to get a property from properties file. : java.lang.NullPointerException
2020-03-05 18:47:30 ERROR PluginUtil.getUserPropertyFromProjectByKey(319) - Error while using a key to get a property from properties file. : java.lang.NullPointerException
2020-03-05 18:47:30 ERROR PluginUtil.getUserPropertyFromProjectByKey(319) - Error while using a key to get a property from properties file. : java.lang.NullPointerException
2020-03-05 18:47:30 ERROR PluginUtil.getUserPropertyFromProjectByKey(319) - Error while using a key to get a property from properties file. : java.lang.NullPointerException
2020-03-05 18:47:30 ERROR PluginUtil.getUserPropertyFromProjectByKey(319) - Error while using a key to get a property from properties file. : java.lang.NullPointerException
2020-03-05 18:47:30 ERROR PluginUtil.getUserPropertyFromProjectByKey(319) - Error while using a key to get a property from properties file. : java.lang.NullPointerException
2020-03-05 18:47:30 ERROR PluginUtil.getUserPropertyFromProjectByKey(319) - Error while using a key to get a property from properties file. : java.lang.NullPointerException
2020-03-05 18:47:30 ERROR PluginUtil.getUserPropertyFromProjectByKey(319) - Error while using a key to get a property from properties file. : java.lang.NullPointerException
2020-03-05 18:47:30 ERROR PluginUtil.getUserPropertyFromProjectByKey(319) - Error while using a key to get a property from properties file. : java.lang.NullPointerException
2020-03-12 20:57:20 INFO  PluginTasksProjectComponent.projectOpened(77) - ---------- Project opened ----------
2020-03-12 20:57:20 INFO  PluginTasksProjectComponent.projectOpened(78) - ---------- Version 3.37 ----------

2020-03-12 20:57:21 INFO  ApacheHttpClient.createAsyncHttpClient(145) - 1 proxies selected. Type: DIRECT
2020-03-12 20:57:21 INFO  ApacheHttpClient.<init>(96) - ApacheHttpClient was successfully instantiated.
2020-03-12 20:57:23 INFO  ApacheHttpClient.testConnection(203) - responseCode = 200
2020-03-12 20:57:23 INFO  ApacheHttpClient.testConnection(218) - result = true
2020-03-12 20:57:23 INFO  ApacheHttpClient.isSessionAppropriateWithSecretKey(595) - Waiting for server response.
2020-03-12 20:57:24 INFO  ApacheHttpClient.isSessionAppropriateWithSecretKey(595) - Waiting for server response.
2020-03-12 20:57:24 INFO  ApacheHttpClient.refreshUserInfo(303) - responseCode = 200
2020-03-12 20:57:25 INFO  ApacheHttpClient.refreshUserInfo(309) - User information received.
2020-03-12 20:57:25 INFO  ApacheHttpClient.startGA(35) - GAService started.
2020-03-12 20:57:25 INFO  AbstractRestApiClient.startService(71) - EventsService started.
2020-03-12 20:57:38 INFO  ApacheHttpClient.getWebResourceAsStream(495) - responseCode = 200
2020-03-12 20:58:25 INFO  ApacheHttpClient.sendEvent(528) - responseCode = 200
2020-03-12 20:59:25 INFO  ApacheHttpClient.sendEvent(528) - responseCode = 200
2020-03-12 21:00:25 INFO  ApacheHttpClient.sendEvent(528) - responseCode = 200
2020-03-12 21:01:25 INFO  ApacheHttpClient.sendEvent(528) - responseCode = 200
2020-03-12 21:02:25 INFO  ApacheHttpClient.sendEvent(528) - responseCode = 200
2020-03-12 21:03:25 INFO  ApacheHttpClient.sendEvent(528) - responseCode = 200
2020-03-12 21:04:25 INFO  ApacheHttpClient.sendEvent(528) - responseCode = 200
2020-03-12 21:05:25 INFO  ApacheHttpClient.sendEvent(528) - responseCode = 200
2020-03-12 21:06:25 INFO  ApacheHttpClient.sendEvent(528) - responseCode = 200
2020-03-12 21:07:25 INFO  ApacheHttpClient.sendEvent(528) - responseCode = 200
2020-03-12 21:08:25 INFO  ApacheHttpClient.sendEvent(528) - responseCode = 200
2020-03-12 21:09:25 INFO  ApacheHttpClient.sendEvent(528) - responseCode = 200
2020-03-12 21:10:25 INFO  ApacheHttpClient.sendEvent(528) - responseCode = 200
2020-03-12 21:11:25 INFO  ApacheHttpClient.sendEvent(528) - responseCode = 200
2020-03-12 21:12:25 INFO  ApacheHttpClient.sendEvent(528) - responseCode = 200
2020-03-12 21:13:25 INFO  ApacheHttpClient.sendEvent(528) - responseCode = 200
2020-03-12 21:14:25 INFO  ApacheHttpClient.sendEvent(528) - responseCode = 200
2020-03-12 21:15:25 INFO  ApacheHttpClient.sendEvent(528) - responseCode = 200
2020-03-12 21:16:25 INFO  ApacheHttpClient.sendEvent(528) - responseCode = 200
2020-03-12 21:17:25 INFO  ApacheHttpClient.sendEvent(528) - responseCode = 200
2020-03-12 21:18:25 INFO  ApacheHttpClient.sendEvent(528) - responseCode = 200
2020-03-12 21:19:25 INFO  ApacheHttpClient.sendEvent(528) - responseCode = 200
2020-03-12 22:19:08 INFO  PluginTasksProjectComponent.projectClosing(188) - ---------- Project closed ----------

2020-03-12 22:19:09 INFO  ApacheHttpClient.getTask(481) - responseCode = 200
2020-03-12 22:19:09 ERROR PluginUtil.getUserPropertyFromProjectByKey(319) - Error while using a key to get a property from properties file. : java.lang.NullPointerException
2020-03-12 22:19:09 ERROR PluginUtil.getUserPropertyFromProjectByKey(319) - Error while using a key to get a property from properties file. : java.lang.NullPointerException
2020-03-15 15:24:13 INFO  PluginTasksProjectComponent.projectOpened(77) - ---------- Project opened ----------
2020-03-15 15:24:13 INFO  PluginTasksProjectComponent.projectOpened(78) - ---------- Version 3.37 ----------

2020-03-15 15:24:13 INFO  ApacheHttpClient.createAsyncHttpClient(145) - 1 proxies selected. Type: DIRECT
2020-03-15 15:24:13 INFO  ApacheHttpClient.<init>(96) - ApacheHttpClient was successfully instantiated.
2020-03-15 15:24:15 INFO  ApacheHttpClient.testConnection(203) - responseCode = 200
2020-03-15 15:24:15 INFO  ApacheHttpClient.testConnection(218) - result = true
2020-03-15 15:24:15 INFO  ApacheHttpClient.isSessionAppropriateWithSecretKey(595) - Waiting for server response.
2020-03-15 15:24:15 INFO  ApacheHttpClient.isSessionAppropriateWithSecretKey(595) - Waiting for server response.
2020-03-15 15:24:16 INFO  ApacheHttpClient.refreshUserInfo(303) - responseCode = 200
2020-03-15 15:24:16 INFO  ApacheHttpClient.refreshUserInfo(309) - User information received.
2020-03-15 15:24:16 INFO  ApacheHttpClient.startGA(35) - GAService started.
2020-03-15 15:24:16 INFO  AbstractRestApiClient.startService(71) - EventsService started.
2020-03-15 15:24:41 INFO  PluginTasksProjectComponent.projectClosing(188) - ---------- Project closed ----------

2020-03-15 15:24:41 ERROR PluginUtil.getUserPropertyFromProjectByKey(319) - Error while using a key to get a property from properties file. : java.lang.NullPointerException
2020-03-15 15:24:41 ERROR PluginUtil.getUserPropertyFromProjectByKey(319) - Error while using a key to get a property from properties file. : java.lang.NullPointerException
2020-05-02 13:28:56 INFO  PluginTasksProjectComponent.projectOpened(77) - ---------- Project opened ----------
2020-05-02 13:28:56 INFO  PluginTasksProjectComponent.projectOpened(78) - ---------- Version 3.37 ----------

2020-05-02 13:28:56 INFO  ApacheHttpClient.createAsyncHttpClient(145) - 1 proxies selected. Type: DIRECT
2020-05-02 13:28:57 INFO  ApacheHttpClient.<init>(96) - ApacheHttpClient was successfully instantiated.
2020-05-02 13:28:58 INFO  ApacheHttpClient.testConnection(203) - responseCode = 200
2020-05-02 13:28:58 INFO  ApacheHttpClient.testConnection(218) - result = true
2020-05-02 13:28:59 INFO  ApacheHttpClient.isSessionAppropriateWithSecretKey(595) - Waiting for server response.
2020-05-02 13:28:59 INFO  ApacheHttpClient.isSessionAppropriateWithSecretKey(595) - Waiting for server response.
2020-05-02 13:29:01 INFO  ApacheHttpClient.refreshUserInfo(303) - responseCode = 200
2020-05-02 13:29:01 INFO  ApacheHttpClient.refreshUserInfo(309) - User information received.
2020-05-02 13:29:01 INFO  ApacheHttpClient.startGA(35) - GAService started.
2020-05-02 13:29:01 INFO  AbstractRestApiClient.startService(71) - EventsService started.
2020-05-02 13:54:15 INFO  PluginTasksProjectComponent.projectClosing(188) - ---------- Project closed ----------

2020-05-02 13:54:15 ERROR PluginUtil.getUserPropertyFromProjectByKey(319) - Error while using a key to get a property from properties file. : java.lang.NullPointerException
2020-05-02 13:54:15 ERROR PluginUtil.getUserPropertyFromProjectByKey(319) - Error while using a key to get a property from properties file. : java.lang.NullPointerException
2020-05-08 17:55:45 INFO  PluginTasksProjectComponent.projectOpened(77) - ---------- Project opened ----------
2020-05-08 17:55:45 INFO  PluginTasksProjectComponent.projectOpened(78) - ---------- Version 3.37 ----------

2020-05-08 17:55:45 INFO  ApacheHttpClient.createAsyncHttpClient(145) - 1 proxies selected. Type: DIRECT
2020-05-08 17:55:45 INFO  ApacheHttpClient.<init>(96) - ApacheHttpClient was successfully instantiated.
2020-05-08 17:55:48 INFO  ApacheHttpClient.testConnection(203) - responseCode = 200
2020-05-08 17:55:48 INFO  ApacheHttpClient.testConnection(218) - result = true
2020-05-08 17:55:49 INFO  ApacheHttpClient.isSessionAppropriateWithSecretKey(595) - Waiting for server response.
2020-05-08 17:55:49 INFO  ApacheHttpClient.isSessionAppropriateWithSecretKey(595) - Waiting for server response.
2020-05-08 17:55:50 INFO  ApacheHttpClient.refreshUserInfo(303) - responseCode = 200
2020-05-08 17:55:50 INFO  ApacheHttpClient.refreshUserInfo(309) - User information received.
2020-05-08 17:55:50 INFO  ApacheHttpClient.startGA(35) - GAService started.
2020-05-08 17:55:50 INFO  AbstractRestApiClient.startService(71) - EventsService started.
2020-05-08 17:57:06 INFO  PluginTasksProjectComponent.projectClosing(188) - ---------- Project closed ----------

2020-05-08 17:57:07 ERROR PluginUtil.getUserPropertyFromProjectByKey(319) - Error while using a key to get a property from properties file. : java.lang.NullPointerException
2020-05-08 17:57:07 ERROR PluginUtil.getUserPropertyFromProjectByKey(319) - Error while using a key to get a property from properties file. : java.lang.NullPointerException
2020-05-25 16:08:28 INFO  PluginTasksProjectComponent.projectOpened(77) - ---------- Project opened ----------
2020-05-25 16:08:28 INFO  PluginTasksProjectComponent.projectOpened(78) - ---------- Version 3.37 ----------

2020-05-25 16:08:28 INFO  ApacheHttpClient.createAsyncHttpClient(145) - 1 proxies selected. Type: DIRECT
2020-05-25 16:08:29 INFO  ApacheHttpClient.<init>(96) - ApacheHttpClient was successfully instantiated.
2020-05-25 16:08:32 INFO  ApacheHttpClient.testConnection(203) - responseCode = 200
2020-05-25 16:08:32 INFO  ApacheHttpClient.testConnection(218) - result = true
2020-05-25 16:08:34 INFO  ApacheHttpClient.isSessionAppropriateWithSecretKey(595) - Waiting for server response.
2020-05-25 16:08:34 INFO  ApacheHttpClient.isSessionAppropriateWithSecretKey(595) - Waiting for server response.
2020-05-25 16:08:35 INFO  ApacheHttpClient.refreshUserInfo(303) - responseCode = 200
2020-05-25 16:08:35 INFO  ApacheHttpClient.refreshUserInfo(309) - User information received.
2020-05-25 16:08:35 INFO  ApacheHttpClient.startGA(35) - GAService started.
2020-05-25 16:08:35 INFO  AbstractRestApiClient.startService(71) - EventsService started.
2020-05-25 16:10:52 INFO  PluginTasksProjectComponent.projectClosing(188) - ---------- Project closed ----------

2020-05-25 16:10:52 ERROR PluginUtil.getUserPropertyFromProjectByKey(319) - Error while using a key to get a property from properties file. : java.lang.NullPointerException
2020-05-25 16:10:52 ERROR PluginUtil.getUserPropertyFromProjectByKey(319) - Error while using a key to get a property from properties file. : java.lang.NullPointerException
